#-----------------------------------------------------------
# Vivado v2016.3 (64-bit)
# SW Build 1682563 on Mon Oct 10 19:07:27 MDT 2016
# IP Build 1681267 on Mon Oct 10 21:28:31 MDT 2016
# Start of session at: Sun Dec 25 14:57:26 2016
# Process ID: 7192
# Current directory: E:/学习/大二上学期/数字系统设计/理论课project/LED走马灯
# Command line: vivado.exe -gui_launcher_event rodinguilauncherevent6996 E:\学习\大二上学期\数字系统设计\理论课project\LED走马灯\simulation_test.xpr
# Log file: E:/学习/大二上学期/数字系统设计/理论课project/LED走马灯/vivado.log
# Journal file: E:/学习/大二上学期/数字系统设计/理论课project/LED走马灯\vivado.jou
#-----------------------------------------------------------
start_gui
open_project E:/学习/大二上学期/数字系统设计/理论课project/LED走马灯/simulation_test.xpr
INFO: [Project 1-313] Project file moved from 'C:/Users/Administrator/Desktop/simulation_test' since last save.
Scanning sources...
Finished scanning sources
WARNING: [filemgmt 56-2] IP Output Repository Path: Could not find the directory 'E:/学习/大二上学期/数字系统设计/理论课project/LED走马灯/simulation_test.cache/ip', nor could it be found using path 'C:/Users/Administrator/Desktop/simulation_test/simulation_test.cache/ip'.
INFO: [IP_Flow 19-234] Refreshing IP repositories
INFO: [IP_Flow 19-1704] No user IP repositories specified
INFO: [IP_Flow 19-2313] Loaded Vivado IP repository 'C:/Xilinx/Vivado/2016.3/data/ip'.
open_project: Time (s): cpu = 00:00:10 ; elapsed = 00:00:15 . Memory (MB): peak = 703.598 ; gain = 82.449
exit
INFO: [Common 17-206] Exiting Vivado at Sun Dec 25 14:59:05 2016...
