Unable to capture context for thread 9880 in process 8840, can not generate back trace
Exception at PC 0x000007FEBD3FBB93
Printing stacktrace...

Exception at PC 0x000007FEFD46AAAD
Exception at PC 0x000007FEFD46AAAD
Exception at PC 0x000007FEFD46AAAD
Exception at PC 0x000007FEFD46AAAD
Exception at PC 0x000007FEFD46AAAD
Unable to capture context for thread 10140 in process 8840, can not generate back trace
Exception at PC 0x000007FEFD46AAAD
Exception at PC 0x000007FEFD46AAAD
Exception at PC 0x000007FEFD46AAAD
Exception at PC 0x000007FEFD46AAAD
Exception at PC 0x000007FEFD46AAAD
Exception at PC 0x000007FEFD46AAAD
Exception at PC 0x000007FEFD46AAAD
Exception at PC 0x000007FEFD46AAAD
Exception at PC 0x000007FEFD46AAAD
Exception at PC 0x000007FEFD46AAAD
Exception at PC 0x000007FEFD46AAAD
Exception at PC 0x000007FEFD46AAAD
[0]  [0x000007FEBD3FBB93]
[1]  [0x000007FEBD3FBB93]
[2]  [0x000007FEBD3FB4A1]
[3]  [0x000007FEBD3FB3EF]
[4]  [0x000007FEBD3E19FE]
[5]  [0x000007FEBD3E0ED1]
[6]  [0x000007FEBD3E0D76]
[7]  [0x000007FEBD3879F6]
[8]  [0x000007FEBD377AFB]
[9]  [0x000007FEBD49E90A]
[10]  [0x000007FEBD4B9F87]
[11]  [0x000007FEBD4BA05F]
[12] (BaseThreadInitThunk+0xd) [0x00000000770B59CD]
[13] (RtlUserThreadStart+0x21) [0x00000000772EB891]
Done
Exception at PC 0x000007FEFD46AAAD
