#-----------------------------------------------------------
# Vivado v2016.3 (64-bit)
# SW Build 1682563 on Mon Oct 10 19:07:27 MDT 2016
# IP Build 1681267 on Mon Oct 10 21:28:31 MDT 2016
# Start of session at: Fri Apr 21 13:41:31 2017
# Process ID: 7152
# Current directory: E:/vivado_homework/gluttonous snake/Gluttonous Snake V2.0
# Command line: vivado.exe -gui_launcher_event rodinguilauncherevent2368 E:\vivado_homework\gluttonous snake\Gluttonous Snake V2.0\Gluttonous Snake.xpr
# Log file: E:/vivado_homework/gluttonous snake/Gluttonous Snake V2.0/vivado.log
# Journal file: E:/vivado_homework/gluttonous snake/Gluttonous Snake V2.0\vivado.jou
#-----------------------------------------------------------
start_gui
open_project {E:/vivado_homework/gluttonous snake/Gluttonous Snake V2.0/Gluttonous Snake.xpr}
INFO: [Project 1-313] Project file moved from 'C:/Users/Administrator/Desktop/theory Project/Gluttonous Snake V2.0' since last save.
Scanning sources...
Finished scanning sources
INFO: [IP_Flow 19-234] Refreshing IP repositories
INFO: [IP_Flow 19-1704] No user IP repositories specified
INFO: [IP_Flow 19-2313] Loaded Vivado IP repository 'C:/Xilinx/Vivado/2016.3/data/ip'.
open_project: Time (s): cpu = 00:00:12 ; elapsed = 00:00:06 . Memory (MB): peak = 800.938 ; gain = 107.234
exit
INFO: [Common 17-206] Exiting Vivado at Fri Apr 21 14:08:14 2017...
