#-----------------------------------------------------------
# Vivado v2016.3 (64-bit)
# SW Build 1682563 on Mon Oct 10 19:07:27 MDT 2016
# IP Build 1681267 on Mon Oct 10 21:28:31 MDT 2016
# Start of session at: Sun Dec 25 11:19:15 2016
# Process ID: 4340
# Current directory: C:/Users/ZYZ/Desktop/CCCCC/Gluttonous Snake/Gluttonous Snake
# Command line: vivado.exe -gui_launcher_event rodinguilauncherevent9568 C:\Users\ZYZ\Desktop\CCCCC\Gluttonous Snake\Gluttonous Snake\Gluttonous Snake.xpr
# Log file: C:/Users/ZYZ/Desktop/CCCCC/Gluttonous Snake/Gluttonous Snake/vivado.log
# Journal file: C:/Users/ZYZ/Desktop/CCCCC/Gluttonous Snake/Gluttonous Snake\vivado.jou
#-----------------------------------------------------------
start_gui
open_project {C:/Users/ZYZ/Desktop/CCCCC/Gluttonous Snake/Gluttonous Snake/Gluttonous Snake.xpr}
Scanning sources...
Finished scanning sources
INFO: [IP_Flow 19-234] Refreshing IP repositories
INFO: [IP_Flow 19-1704] No user IP repositories specified
INFO: [IP_Flow 19-2313] Loaded Vivado IP repository 'D:/Xilinx/Vivado/2016.3/data/ip'.
open_project: Time (s): cpu = 00:00:16 ; elapsed = 00:00:19 . Memory (MB): peak = 722.980 ; gain = 127.172
open_hw
connect_hw_server
INFO: [Labtools 27-2285] Connecting to hw_server url TCP:localhost:3121
open_hw_target
INFO: [Labtoolstcl 44-466] Opening hw_target localhost:3121/xilinx_tcf/Digilent/210183794968A
set_property PROGRAM.FILE {C:/Users/ZYZ/Desktop/CCCCC/Gluttonous Snake/Gluttonous Snake/Gluttonous Snake.runs/impl_1/Top.bit} [lindex [get_hw_devices xc7a35t_0] 0]
current_hw_device [lindex [get_hw_devices xc7a35t_0] 0]
refresh_hw_device -update_hw_probes false [lindex [get_hw_devices xc7a35t_0] 0]
INFO: [Labtools 27-1434] Device xc7a35t (JTAG device index = 0) is programmed with a design that has no supported debug core(s) in it.
WARNING: [Labtools 27-3123] The debug hub core was not detected at User Scan Chain 1 or 3.
Resolution: 
1. Make sure the clock connected to the debug hub (dbg_hub) core is a free running clock and is active OR
2. Manually launch hw_server with -e "set xsdb-user-bscan <C_USER_SCAN_CHAIN scan_chain_number>" to detect the debug hub at User Scan Chain of 2 or 4. To determine the user scan chain setting, open the implemented design and use: get_property C_USER_SCAN_CHAIN [get_debug_cores dbg_hub].
set_property PROBES.FILE {} [lindex [get_hw_devices xc7a35t_0] 0]
set_property PROGRAM.FILE {C:/Users/ZYZ/Desktop/CCCCC/Gluttonous Snake/Gluttonous Snake/Gluttonous Snake.runs/impl_1/Top.bit} [lindex [get_hw_devices xc7a35t_0] 0]
program_hw_devices [lindex [get_hw_devices xc7a35t_0] 0]
INFO: [Labtools 27-3164] End of startup status: HIGH
refresh_hw_device [lindex [get_hw_devices xc7a35t_0] 0]
INFO: [Labtools 27-1434] Device xc7a35t (JTAG device index = 0) is programmed with a design that has no supported debug core(s) in it.
WARNING: [Labtools 27-3123] The debug hub core was not detected at User Scan Chain 1 or 3.
Resolution: 
1. Make sure the clock connected to the debug hub (dbg_hub) core is a free running clock and is active OR
2. Manually launch hw_server with -e "set xsdb-user-bscan <C_USER_SCAN_CHAIN scan_chain_number>" to detect the debug hub at User Scan Chain of 2 or 4. To determine the user scan chain setting, open the implemented design and use: get_property C_USER_SCAN_CHAIN [get_debug_cores dbg_hub].
ERROR: [Labtools 27-2269] No devices detected on target localhost:3121/xilinx_tcf/Digilent/210183794968A.
Check cable connectivity and that the target board is powered up then
use the disconnect_hw_server and connect_hw_server to re-register this hardware target.
ERROR: [Labtoolstcl 44-513] HW Target shutdown. Closing target: localhost:3121/xilinx_tcf/Digilent/210183794968A
INFO: [Labtoolstcl 44-466] Opening hw_target localhost:3121/xilinx_tcf/Digilent/210183794968A
INFO: [Labtools 27-1434] Device xc7a35t (JTAG device index = 0) is programmed with a design that has no supported debug core(s) in it.
WARNING: [Labtools 27-3123] The debug hub core was not detected at User Scan Chain 1 or 3.
Resolution: 
1. Make sure the clock connected to the debug hub (dbg_hub) core is a free running clock and is active OR
2. Manually launch hw_server with -e "set xsdb-user-bscan <C_USER_SCAN_CHAIN scan_chain_number>" to detect the debug hub at User Scan Chain of 2 or 4. To determine the user scan chain setting, open the implemented design and use: get_property C_USER_SCAN_CHAIN [get_debug_cores dbg_hub].
reset_run synth_1
launch_runs impl_1
[Sun Dec 25 12:07:31 2016] Launched synth_1...
Run output will be captured here: C:/Users/ZYZ/Desktop/CCCCC/Gluttonous Snake/Gluttonous Snake/Gluttonous Snake.runs/synth_1/runme.log
[Sun Dec 25 12:07:31 2016] Launched impl_1...
Run output will be captured here: C:/Users/ZYZ/Desktop/CCCCC/Gluttonous Snake/Gluttonous Snake/Gluttonous Snake.runs/impl_1/runme.log
launch_runs impl_1 -to_step write_bitstream
[Sun Dec 25 12:12:37 2016] Launched impl_1...
Run output will be captured here: C:/Users/ZYZ/Desktop/CCCCC/Gluttonous Snake/Gluttonous Snake/Gluttonous Snake.runs/impl_1/runme.log
set_property PROBES.FILE {} [lindex [get_hw_devices xc7a35t_0] 0]
set_property PROGRAM.FILE {C:/Users/ZYZ/Desktop/CCCCC/Gluttonous Snake/Gluttonous Snake/Gluttonous Snake.runs/impl_1/Top.bit} [lindex [get_hw_devices xc7a35t_0] 0]
program_hw_devices [lindex [get_hw_devices xc7a35t_0] 0]
INFO: [Labtools 27-3164] End of startup status: HIGH
refresh_hw_device [lindex [get_hw_devices xc7a35t_0] 0]
INFO: [Labtools 27-1434] Device xc7a35t (JTAG device index = 0) is programmed with a design that has no supported debug core(s) in it.
WARNING: [Labtools 27-3123] The debug hub core was not detected at User Scan Chain 1 or 3.
Resolution: 
1. Make sure the clock connected to the debug hub (dbg_hub) core is a free running clock and is active OR
2. Manually launch hw_server with -e "set xsdb-user-bscan <C_USER_SCAN_CHAIN scan_chain_number>" to detect the debug hub at User Scan Chain of 2 or 4. To determine the user scan chain setting, open the implemented design and use: get_property C_USER_SCAN_CHAIN [get_debug_cores dbg_hub].
ERROR: [Labtoolstcl 44-513] HW Target shutdown. Closing target: localhost:3121/xilinx_tcf/Digilent/210183794968A
reset_run synth_1
launch_runs impl_1 -to_step write_bitstream
[Sun Dec 25 13:24:59 2016] Launched synth_1...
Run output will be captured here: C:/Users/ZYZ/Desktop/CCCCC/Gluttonous Snake/Gluttonous Snake/Gluttonous Snake.runs/synth_1/runme.log
[Sun Dec 25 13:24:59 2016] Launched impl_1...
Run output will be captured here: C:/Users/ZYZ/Desktop/CCCCC/Gluttonous Snake/Gluttonous Snake/Gluttonous Snake.runs/impl_1/runme.log
reset_run synth_1
launch_runs impl_1 -to_step write_bitstream
[Sun Dec 25 13:52:11 2016] Launched synth_1...
Run output will be captured here: C:/Users/ZYZ/Desktop/CCCCC/Gluttonous Snake/Gluttonous Snake/Gluttonous Snake.runs/synth_1/runme.log
[Sun Dec 25 13:52:11 2016] Launched impl_1...
Run output will be captured here: C:/Users/ZYZ/Desktop/CCCCC/Gluttonous Snake/Gluttonous Snake/Gluttonous Snake.runs/impl_1/runme.log
reset_run impl_1 -prev_step 
reset_run synth_1
launch_runs impl_1 -to_step write_bitstream
[Sun Dec 25 13:55:16 2016] Launched synth_1...
Run output will be captured here: C:/Users/ZYZ/Desktop/CCCCC/Gluttonous Snake/Gluttonous Snake/Gluttonous Snake.runs/synth_1/runme.log
[Sun Dec 25 13:55:16 2016] Launched impl_1...
Run output will be captured here: C:/Users/ZYZ/Desktop/CCCCC/Gluttonous Snake/Gluttonous Snake/Gluttonous Snake.runs/impl_1/runme.log
INFO: [Labtoolstcl 44-466] Opening hw_target localhost:3121/xilinx_tcf/Digilent/210183794968A
INFO: [Labtools 27-1434] Device xc7a35t (JTAG device index = 0) is programmed with a design that has no supported debug core(s) in it.
WARNING: [Labtools 27-3123] The debug hub core was not detected at User Scan Chain 1 or 3.
Resolution: 
1. Make sure the clock connected to the debug hub (dbg_hub) core is a free running clock and is active OR
2. Manually launch hw_server with -e "set xsdb-user-bscan <C_USER_SCAN_CHAIN scan_chain_number>" to detect the debug hub at User Scan Chain of 2 or 4. To determine the user scan chain setting, open the implemented design and use: get_property C_USER_SCAN_CHAIN [get_debug_cores dbg_hub].
set_property PROBES.FILE {} [lindex [get_hw_devices xc7a35t_0] 0]
set_property PROGRAM.FILE {C:/Users/ZYZ/Desktop/CCCCC/Gluttonous Snake/Gluttonous Snake/Gluttonous Snake.runs/impl_1/Top.bit} [lindex [get_hw_devices xc7a35t_0] 0]
program_hw_devices [lindex [get_hw_devices xc7a35t_0] 0]
INFO: [Labtools 27-3164] End of startup status: HIGH
refresh_hw_device [lindex [get_hw_devices xc7a35t_0] 0]
INFO: [Labtools 27-1434] Device xc7a35t (JTAG device index = 0) is programmed with a design that has no supported debug core(s) in it.
WARNING: [Labtools 27-3123] The debug hub core was not detected at User Scan Chain 1 or 3.
Resolution: 
1. Make sure the clock connected to the debug hub (dbg_hub) core is a free running clock and is active OR
2. Manually launch hw_server with -e "set xsdb-user-bscan <C_USER_SCAN_CHAIN scan_chain_number>" to detect the debug hub at User Scan Chain of 2 or 4. To determine the user scan chain setting, open the implemented design and use: get_property C_USER_SCAN_CHAIN [get_debug_cores dbg_hub].
set_property PROBES.FILE {} [lindex [get_hw_devices xc7a35t_0] 0]
set_property PROGRAM.FILE {C:/Users/ZYZ/Desktop/CCCCC/Gluttonous Snake/Gluttonous Snake/Gluttonous Snake.runs/impl_1/Top.bit} [lindex [get_hw_devices xc7a35t_0] 0]
program_hw_devices [lindex [get_hw_devices xc7a35t_0] 0]
INFO: [Labtools 27-3164] End of startup status: HIGH
refresh_hw_device [lindex [get_hw_devices xc7a35t_0] 0]
INFO: [Labtools 27-1434] Device xc7a35t (JTAG device index = 0) is programmed with a design that has no supported debug core(s) in it.
WARNING: [Labtools 27-3123] The debug hub core was not detected at User Scan Chain 1 or 3.
Resolution: 
1. Make sure the clock connected to the debug hub (dbg_hub) core is a free running clock and is active OR
2. Manually launch hw_server with -e "set xsdb-user-bscan <C_USER_SCAN_CHAIN scan_chain_number>" to detect the debug hub at User Scan Chain of 2 or 4. To determine the user scan chain setting, open the implemented design and use: get_property C_USER_SCAN_CHAIN [get_debug_cores dbg_hub].
reset_run synth_1
launch_runs impl_1 -to_step write_bitstream
[Sun Dec 25 15:19:50 2016] Launched synth_1...
Run output will be captured here: C:/Users/ZYZ/Desktop/CCCCC/Gluttonous Snake/Gluttonous Snake/Gluttonous Snake.runs/synth_1/runme.log
[Sun Dec 25 15:19:50 2016] Launched impl_1...
Run output will be captured here: C:/Users/ZYZ/Desktop/CCCCC/Gluttonous Snake/Gluttonous Snake/Gluttonous Snake.runs/impl_1/runme.log
set_property PROBES.FILE {} [lindex [get_hw_devices xc7a35t_0] 0]
set_property PROGRAM.FILE {C:/Users/ZYZ/Desktop/CCCCC/Gluttonous Snake/Gluttonous Snake/Gluttonous Snake.runs/impl_1/Top.bit} [lindex [get_hw_devices xc7a35t_0] 0]
program_hw_devices [lindex [get_hw_devices xc7a35t_0] 0]
INFO: [Labtools 27-3164] End of startup status: HIGH
refresh_hw_device [lindex [get_hw_devices xc7a35t_0] 0]
INFO: [Labtools 27-1434] Device xc7a35t (JTAG device index = 0) is programmed with a design that has no supported debug core(s) in it.
WARNING: [Labtools 27-3123] The debug hub core was not detected at User Scan Chain 1 or 3.
Resolution: 
1. Make sure the clock connected to the debug hub (dbg_hub) core is a free running clock and is active OR
2. Manually launch hw_server with -e "set xsdb-user-bscan <C_USER_SCAN_CHAIN scan_chain_number>" to detect the debug hub at User Scan Chain of 2 or 4. To determine the user scan chain setting, open the implemented design and use: get_property C_USER_SCAN_CHAIN [get_debug_cores dbg_hub].
set_property PROBES.FILE {} [lindex [get_hw_devices xc7a35t_0] 0]
set_property PROGRAM.FILE {C:/Users/ZYZ/Desktop/CCCCC/Gluttonous Snake/Gluttonous Snake/Gluttonous Snake.runs/impl_1/Top.bit} [lindex [get_hw_devices xc7a35t_0] 0]
program_hw_devices [lindex [get_hw_devices xc7a35t_0] 0]
INFO: [Labtools 27-3164] End of startup status: HIGH
refresh_hw_device [lindex [get_hw_devices xc7a35t_0] 0]
INFO: [Labtools 27-1434] Device xc7a35t (JTAG device index = 0) is programmed with a design that has no supported debug core(s) in it.
WARNING: [Labtools 27-3123] The debug hub core was not detected at User Scan Chain 1 or 3.
Resolution: 
1. Make sure the clock connected to the debug hub (dbg_hub) core is a free running clock and is active OR
2. Manually launch hw_server with -e "set xsdb-user-bscan <C_USER_SCAN_CHAIN scan_chain_number>" to detect the debug hub at User Scan Chain of 2 or 4. To determine the user scan chain setting, open the implemented design and use: get_property C_USER_SCAN_CHAIN [get_debug_cores dbg_hub].
reset_run synth_1
launch_runs impl_1 -to_step write_bitstream
[Sun Dec 25 16:05:30 2016] Launched synth_1...
Run output will be captured here: C:/Users/ZYZ/Desktop/CCCCC/Gluttonous Snake/Gluttonous Snake/Gluttonous Snake.runs/synth_1/runme.log
[Sun Dec 25 16:05:30 2016] Launched impl_1...
Run output will be captured here: C:/Users/ZYZ/Desktop/CCCCC/Gluttonous Snake/Gluttonous Snake/Gluttonous Snake.runs/impl_1/runme.log
set_property PROBES.FILE {} [lindex [get_hw_devices xc7a35t_0] 0]
set_property PROGRAM.FILE {C:/Users/ZYZ/Desktop/CCCCC/Gluttonous Snake/Gluttonous Snake/Gluttonous Snake.runs/impl_1/Top.bit} [lindex [get_hw_devices xc7a35t_0] 0]
program_hw_devices [lindex [get_hw_devices xc7a35t_0] 0]
INFO: [Labtools 27-3164] End of startup status: HIGH
refresh_hw_device [lindex [get_hw_devices xc7a35t_0] 0]
INFO: [Labtools 27-1434] Device xc7a35t (JTAG device index = 0) is programmed with a design that has no supported debug core(s) in it.
WARNING: [Labtools 27-3123] The debug hub core was not detected at User Scan Chain 1 or 3.
Resolution: 
1. Make sure the clock connected to the debug hub (dbg_hub) core is a free running clock and is active OR
2. Manually launch hw_server with -e "set xsdb-user-bscan <C_USER_SCAN_CHAIN scan_chain_number>" to detect the debug hub at User Scan Chain of 2 or 4. To determine the user scan chain setting, open the implemented design and use: get_property C_USER_SCAN_CHAIN [get_debug_cores dbg_hub].
ERROR: [Labtools 27-2269] No devices detected on target localhost:3121/xilinx_tcf/Digilent/210183794968A.
Check cable connectivity and that the target board is powered up then
use the disconnect_hw_server and connect_hw_server to re-register this hardware target.
ERROR: [Labtoolstcl 44-513] HW Target shutdown. Closing target: localhost:3121/xilinx_tcf/Digilent/210183794968A
INFO: [Labtoolstcl 44-466] Opening hw_target localhost:3121/xilinx_tcf/Digilent/210183794968A
ERROR: [Labtools 27-3133] Error while setting target JTAG Clock Frequency.
INFO: [Labtoolstcl 44-466] Opening hw_target localhost:3121/xilinx_tcf/Digilent/210183794968A
INFO: [Labtools 27-1435] Device xc7a35t (JTAG device index = 0) is not programmed (DONE status = 0).
ERROR: [Labtoolstcl 44-513] HW Target shutdown. Closing target: localhost:3121/xilinx_tcf/Digilent/210183794968A
INFO: [Labtoolstcl 44-466] Opening hw_target localhost:3121/xilinx_tcf/Digilent/210183794968A
INFO: [Labtools 27-1434] Device xc7a35t (JTAG device index = 0) is programmed with a design that has no supported debug core(s) in it.
WARNING: [Labtools 27-3123] The debug hub core was not detected at User Scan Chain 1 or 3.
Resolution: 
1. Make sure the clock connected to the debug hub (dbg_hub) core is a free running clock and is active OR
2. Manually launch hw_server with -e "set xsdb-user-bscan <C_USER_SCAN_CHAIN scan_chain_number>" to detect the debug hub at User Scan Chain of 2 or 4. To determine the user scan chain setting, open the implemented design and use: get_property C_USER_SCAN_CHAIN [get_debug_cores dbg_hub].
ERROR: [Labtools 27-2269] No devices detected on target localhost:3121/xilinx_tcf/Digilent/210183794968A.
Check cable connectivity and that the target board is powered up then
use the disconnect_hw_server and connect_hw_server to re-register this hardware target.
ERROR: [Labtoolstcl 44-513] HW Target shutdown. Closing target: localhost:3121/xilinx_tcf/Digilent/210183794968A
INFO: [Labtoolstcl 44-466] Opening hw_target localhost:3121/xilinx_tcf/Digilent/210183794968A
INFO: [Labtools 27-1434] Device xc7a35t (JTAG device index = 0) is programmed with a design that has no supported debug core(s) in it.
WARNING: [Labtools 27-3123] The debug hub core was not detected at User Scan Chain 1 or 3.
Resolution: 
1. Make sure the clock connected to the debug hub (dbg_hub) core is a free running clock and is active OR
2. Manually launch hw_server with -e "set xsdb-user-bscan <C_USER_SCAN_CHAIN scan_chain_number>" to detect the debug hub at User Scan Chain of 2 or 4. To determine the user scan chain setting, open the implemented design and use: get_property C_USER_SCAN_CHAIN [get_debug_cores dbg_hub].
set_property PROBES.FILE {} [lindex [get_hw_devices xc7a35t_0] 0]
set_property PROGRAM.FILE {C:/Users/ZYZ/Desktop/CCCCC/Gluttonous Snake/Gluttonous Snake/Gluttonous Snake.runs/impl_1/Top.bit} [lindex [get_hw_devices xc7a35t_0] 0]
program_hw_devices [lindex [get_hw_devices xc7a35t_0] 0]
INFO: [Labtools 27-3164] End of startup status: HIGH
refresh_hw_device [lindex [get_hw_devices xc7a35t_0] 0]
INFO: [Labtools 27-1434] Device xc7a35t (JTAG device index = 0) is programmed with a design that has no supported debug core(s) in it.
WARNING: [Labtools 27-3123] The debug hub core was not detected at User Scan Chain 1 or 3.
Resolution: 
1. Make sure the clock connected to the debug hub (dbg_hub) core is a free running clock and is active OR
2. Manually launch hw_server with -e "set xsdb-user-bscan <C_USER_SCAN_CHAIN scan_chain_number>" to detect the debug hub at User Scan Chain of 2 or 4. To determine the user scan chain setting, open the implemented design and use: get_property C_USER_SCAN_CHAIN [get_debug_cores dbg_hub].
set_property PROBES.FILE {} [lindex [get_hw_devices xc7a35t_0] 0]
set_property PROGRAM.FILE {C:/Users/ZYZ/Desktop/CCCCC/Gluttonous Snake/Gluttonous Snake/Gluttonous Snake.runs/impl_1/Top.bit} [lindex [get_hw_devices xc7a35t_0] 0]
program_hw_devices [lindex [get_hw_devices xc7a35t_0] 0]
INFO: [Labtools 27-3164] End of startup status: HIGH
refresh_hw_device [lindex [get_hw_devices xc7a35t_0] 0]
INFO: [Labtools 27-1434] Device xc7a35t (JTAG device index = 0) is programmed with a design that has no supported debug core(s) in it.
WARNING: [Labtools 27-3123] The debug hub core was not detected at User Scan Chain 1 or 3.
Resolution: 
1. Make sure the clock connected to the debug hub (dbg_hub) core is a free running clock and is active OR
2. Manually launch hw_server with -e "set xsdb-user-bscan <C_USER_SCAN_CHAIN scan_chain_number>" to detect the debug hub at User Scan Chain of 2 or 4. To determine the user scan chain setting, open the implemented design and use: get_property C_USER_SCAN_CHAIN [get_debug_cores dbg_hub].
reset_run synth_1
launch_runs impl_1 -to_step write_bitstream
[Sun Dec 25 16:15:58 2016] Launched synth_1...
Run output will be captured here: C:/Users/ZYZ/Desktop/CCCCC/Gluttonous Snake/Gluttonous Snake/Gluttonous Snake.runs/synth_1/runme.log
[Sun Dec 25 16:15:58 2016] Launched impl_1...
Run output will be captured here: C:/Users/ZYZ/Desktop/CCCCC/Gluttonous Snake/Gluttonous Snake/Gluttonous Snake.runs/impl_1/runme.log
reset_run impl_1 -prev_step 
reset_run synth_1
launch_runs impl_1 -to_step write_bitstream
[Sun Dec 25 16:31:52 2016] Launched synth_1...
Run output will be captured here: C:/Users/ZYZ/Desktop/CCCCC/Gluttonous Snake/Gluttonous Snake/Gluttonous Snake.runs/synth_1/runme.log
[Sun Dec 25 16:31:52 2016] Launched impl_1...
Run output will be captured here: C:/Users/ZYZ/Desktop/CCCCC/Gluttonous Snake/Gluttonous Snake/Gluttonous Snake.runs/impl_1/runme.log
set_property PROBES.FILE {} [lindex [get_hw_devices xc7a35t_0] 0]
set_property PROGRAM.FILE {C:/Users/ZYZ/Desktop/CCCCC/Gluttonous Snake/Gluttonous Snake/Gluttonous Snake.runs/impl_1/Top.bit} [lindex [get_hw_devices xc7a35t_0] 0]
program_hw_devices [lindex [get_hw_devices xc7a35t_0] 0]
INFO: [Labtools 27-3164] End of startup status: HIGH
refresh_hw_device [lindex [get_hw_devices xc7a35t_0] 0]
INFO: [Labtools 27-1434] Device xc7a35t (JTAG device index = 0) is programmed with a design that has no supported debug core(s) in it.
WARNING: [Labtools 27-3123] The debug hub core was not detected at User Scan Chain 1 or 3.
Resolution: 
1. Make sure the clock connected to the debug hub (dbg_hub) core is a free running clock and is active OR
2. Manually launch hw_server with -e "set xsdb-user-bscan <C_USER_SCAN_CHAIN scan_chain_number>" to detect the debug hub at User Scan Chain of 2 or 4. To determine the user scan chain setting, open the implemented design and use: get_property C_USER_SCAN_CHAIN [get_debug_cores dbg_hub].
set_property PROBES.FILE {} [lindex [get_hw_devices xc7a35t_0] 0]
set_property PROGRAM.FILE {C:/Users/ZYZ/Desktop/CCCCC/Gluttonous Snake/Gluttonous Snake/Gluttonous Snake.runs/impl_1/Top.bit} [lindex [get_hw_devices xc7a35t_0] 0]
program_hw_devices [lindex [get_hw_devices xc7a35t_0] 0]
INFO: [Labtools 27-3164] End of startup status: HIGH
refresh_hw_device [lindex [get_hw_devices xc7a35t_0] 0]
INFO: [Labtools 27-1434] Device xc7a35t (JTAG device index = 0) is programmed with a design that has no supported debug core(s) in it.
WARNING: [Labtools 27-3123] The debug hub core was not detected at User Scan Chain 1 or 3.
Resolution: 
1. Make sure the clock connected to the debug hub (dbg_hub) core is a free running clock and is active OR
2. Manually launch hw_server with -e "set xsdb-user-bscan <C_USER_SCAN_CHAIN scan_chain_number>" to detect the debug hub at User Scan Chain of 2 or 4. To determine the user scan chain setting, open the implemented design and use: get_property C_USER_SCAN_CHAIN [get_debug_cores dbg_hub].
set_property PROBES.FILE {} [lindex [get_hw_devices xc7a35t_0] 0]
set_property PROGRAM.FILE {C:/Users/ZYZ/Desktop/CCCCC/Gluttonous Snake/Gluttonous Snake/Gluttonous Snake.runs/impl_1/Top.bit} [lindex [get_hw_devices xc7a35t_0] 0]
program_hw_devices [lindex [get_hw_devices xc7a35t_0] 0]
INFO: [Labtools 27-3164] End of startup status: HIGH
refresh_hw_device [lindex [get_hw_devices xc7a35t_0] 0]
INFO: [Labtools 27-1434] Device xc7a35t (JTAG device index = 0) is programmed with a design that has no supported debug core(s) in it.
WARNING: [Labtools 27-3123] The debug hub core was not detected at User Scan Chain 1 or 3.
Resolution: 
1. Make sure the clock connected to the debug hub (dbg_hub) core is a free running clock and is active OR
2. Manually launch hw_server with -e "set xsdb-user-bscan <C_USER_SCAN_CHAIN scan_chain_number>" to detect the debug hub at User Scan Chain of 2 or 4. To determine the user scan chain setting, open the implemented design and use: get_property C_USER_SCAN_CHAIN [get_debug_cores dbg_hub].
reset_run impl_1 -prev_step 
launch_runs impl_1 -to_step write_bitstream
WARNING: [Vivado 12-872] Run step 'Design Initialization' is out-of-date.
[Sun Dec 25 16:50:24 2016] Launched impl_1...
Run output will be captured here: C:/Users/ZYZ/Desktop/CCCCC/Gluttonous Snake/Gluttonous Snake/Gluttonous Snake.runs/impl_1/runme.log
reset_run impl_1 -prev_step 
reset_run synth_1
launch_runs impl_1 -to_step write_bitstream
[Sun Dec 25 16:51:07 2016] Launched synth_1...
Run output will be captured here: C:/Users/ZYZ/Desktop/CCCCC/Gluttonous Snake/Gluttonous Snake/Gluttonous Snake.runs/synth_1/runme.log
[Sun Dec 25 16:51:07 2016] Launched impl_1...
Run output will be captured here: C:/Users/ZYZ/Desktop/CCCCC/Gluttonous Snake/Gluttonous Snake/Gluttonous Snake.runs/impl_1/runme.log
set_property PROBES.FILE {} [lindex [get_hw_devices xc7a35t_0] 0]
set_property PROGRAM.FILE {C:/Users/ZYZ/Desktop/CCCCC/Gluttonous Snake/Gluttonous Snake/Gluttonous Snake.runs/impl_1/Top.bit} [lindex [get_hw_devices xc7a35t_0] 0]
program_hw_devices [lindex [get_hw_devices xc7a35t_0] 0]
INFO: [Labtools 27-3164] End of startup status: HIGH
refresh_hw_device [lindex [get_hw_devices xc7a35t_0] 0]
INFO: [Labtools 27-1434] Device xc7a35t (JTAG device index = 0) is programmed with a design that has no supported debug core(s) in it.
WARNING: [Labtools 27-3123] The debug hub core was not detected at User Scan Chain 1 or 3.
Resolution: 
1. Make sure the clock connected to the debug hub (dbg_hub) core is a free running clock and is active OR
2. Manually launch hw_server with -e "set xsdb-user-bscan <C_USER_SCAN_CHAIN scan_chain_number>" to detect the debug hub at User Scan Chain of 2 or 4. To determine the user scan chain setting, open the implemented design and use: get_property C_USER_SCAN_CHAIN [get_debug_cores dbg_hub].
exit
INFO: [Common 17-206] Exiting Vivado at Sun Dec 25 16:58:15 2016...
