#-----------------------------------------------------------
# Vivado v2016.3 (64-bit)
# SW Build 1682563 on Mon Oct 10 19:07:27 MDT 2016
# IP Build 1681267 on Mon Oct 10 21:28:31 MDT 2016
# Start of session at: Tue Feb 21 12:55:46 2017
# Process ID: 6700
# Current directory: C:/Users/Administrator/Desktop/theory Project/Gluttonous Snake V2.0
# Command line: vivado.exe -gui_launcher_event rodinguilauncherevent10188 C:\Users\Administrator\Desktop\theory Project\Gluttonous Snake V2.0\Gluttonous Snake.xpr
# Log file: C:/Users/Administrator/Desktop/theory Project/Gluttonous Snake V2.0/vivado.log
# Journal file: C:/Users/Administrator/Desktop/theory Project/Gluttonous Snake V2.0\vivado.jou
#-----------------------------------------------------------
start_gui
open_project {C:/Users/Administrator/Desktop/theory Project/Gluttonous Snake V2.0/Gluttonous Snake.xpr}
INFO: [Project 1-313] Project file moved from 'C:/Users/Administrator/Desktop/ÀíÂÛProject/Gluttonous Snake V2.0' since last save.
Scanning sources...
Finished scanning sources
INFO: [IP_Flow 19-234] Refreshing IP repositories
INFO: [IP_Flow 19-1704] No user IP repositories specified
INFO: [IP_Flow 19-2313] Loaded Vivado IP repository 'C:/Xilinx/Vivado/2016.3/data/ip'.
open_project: Time (s): cpu = 00:00:09 ; elapsed = 00:00:10 . Memory (MB): peak = 697.539 ; gain = 74.359
reset_run synth_1
launch_runs synth_1 -jobs 2
INFO: [HDL 9-2216] Analyzing Verilog file "C:/Users/Administrator/Desktop/theory Project/Gluttonous Snake V2.0/codes/Button_Scan.v" into library work [C:/Users/Administrator/Desktop/theory Project/Gluttonous Snake V2.0/codes/Button_Scan.v:1]
INFO: [HDL 9-2216] Analyzing Verilog file "C:/Users/Administrator/Desktop/theory Project/Gluttonous Snake V2.0/codes/Clock_divide.v" into library work [C:/Users/Administrator/Desktop/theory Project/Gluttonous Snake V2.0/codes/Clock_divide.v:1]
INFO: [HDL 9-2216] Analyzing Verilog file "C:/Users/Administrator/Desktop/theory Project/Gluttonous Snake V2.0/codes/Display.v" into library work [C:/Users/Administrator/Desktop/theory Project/Gluttonous Snake V2.0/codes/Display.v:1]
INFO: [HDL 9-2216] Analyzing Verilog file "C:/Users/Administrator/Desktop/theory Project/Gluttonous Snake V2.0/codes/EatingApple.v" into library work [C:/Users/Administrator/Desktop/theory Project/Gluttonous Snake V2.0/codes/EatingApple.v:1]
INFO: [HDL 9-2216] Analyzing Verilog file "C:/Users/Administrator/Desktop/theory Project/Gluttonous Snake V2.0/codes/Game_Control.v" into library work [C:/Users/Administrator/Desktop/theory Project/Gluttonous Snake V2.0/codes/Game_Control.v:1]
INFO: [HDL 9-2216] Analyzing Verilog file "C:/Users/Administrator/Desktop/theory Project/Gluttonous Snake V2.0/codes/Snake_Control.v" into library work [C:/Users/Administrator/Desktop/theory Project/Gluttonous Snake V2.0/codes/Snake_Control.v:1]
INFO: [HDL 9-2216] Analyzing Verilog file "C:/Users/Administrator/Desktop/theory Project/Gluttonous Snake V2.0/codes/Top.v" into library work [C:/Users/Administrator/Desktop/theory Project/Gluttonous Snake V2.0/codes/Top.v:1]
INFO: [HDL 9-2216] Analyzing Verilog file "C:/Users/Administrator/Desktop/theory Project/Gluttonous Snake V2.0/codes/vga_controller.v" into library work [C:/Users/Administrator/Desktop/theory Project/Gluttonous Snake V2.0/codes/vga_controller.v:1]
[Tue Feb 21 12:56:37 2017] Launched synth_1...
Run output will be captured here: C:/Users/Administrator/Desktop/theory Project/Gluttonous Snake V2.0/Gluttonous Snake.runs/synth_1/runme.log
launch_runs impl_1 -jobs 2
[Tue Feb 21 13:00:11 2017] Launched impl_1...
Run output will be captured here: C:/Users/Administrator/Desktop/theory Project/Gluttonous Snake V2.0/Gluttonous Snake.runs/impl_1/runme.log
open_run impl_1
INFO: [Netlist 29-17] Analyzing 37 Unisim elements for replacement
INFO: [Netlist 29-28] Unisim Transformation completed in 0 CPU seconds
INFO: [Project 1-479] Netlist was created with Vivado 2016.3
INFO: [Device 21-403] Loading part xc7a35ticpg236-1L
INFO: [Project 1-570] Preparing netlist for logic optimization
Parsing XDC File [C:/Users/Administrator/Desktop/theory Project/Gluttonous Snake V2.0/.Xil/Vivado-6700-YR151215-IXCK/dcp/Top.xdc]
Finished Parsing XDC File [C:/Users/Administrator/Desktop/theory Project/Gluttonous Snake V2.0/.Xil/Vivado-6700-YR151215-IXCK/dcp/Top.xdc]
Reading XDEF placement.
Reading placer database...
Reading XDEF routing.
Read XDEF File: Time (s): cpu = 00:00:00 ; elapsed = 00:00:00.462 . Memory (MB): peak = 958.293 ; gain = 2.703
Restored from archive | CPU: 0.000000 secs | Memory: 0.000000 MB |
Finished XDEF File Restore: Time (s): cpu = 00:00:00 ; elapsed = 00:00:00.462 . Memory (MB): peak = 958.293 ; gain = 2.703
INFO: [Project 1-111] Unisim Transformation Summary:
  A total of 1 instances were transformed.
  LDCP => LDCP (LDCE, LUT3, LUT3, VCC, GND): 1 instances

open_run: Time (s): cpu = 00:00:20 ; elapsed = 00:00:28 . Memory (MB): peak = 1042.863 ; gain = 280.320
ERROR: [Common 17-165] Too many positional options when parsing 'Snake.runs/impl_1/Top_power_routed.rpx', please type 'open_report -help' for usage info.
WARNING: [Timing 38-313] There are no user specified timing constraints. Timing constraints are needed for proper timing analysis.
exit
INFO: [Common 17-206] Exiting Vivado at Tue Feb 21 15:12:09 2017...
