#-----------------------------------------------------------
# Vivado v2016.3 (64-bit)
# SW Build 1682563 on Mon Oct 10 19:07:27 MDT 2016
# IP Build 1681267 on Mon Oct 10 21:28:31 MDT 2016
# Start of session at: Mon Apr 24 23:33:14 2017
# Process ID: 8096
# Current directory: E:/vivado_homework/SCPU/project_1
# Command line: vivado.exe -gui_launcher_event rodinguilauncherevent8376 E:\vivado_homework\SCPU\project_1\project_1.xpr
# Log file: E:/vivado_homework/SCPU/project_1/vivado.log
# Journal file: E:/vivado_homework/SCPU/project_1\vivado.jou
#-----------------------------------------------------------
start_gui
open_project E:/vivado_homework/SCPU/project_1/project_1.xpr
Scanning sources...
Finished scanning sources
WARNING: [filemgmt 56-3] IP Output Repository Path: Could not find the directory 'E:/vivado_homework/SCPU/project_1/project_1.cache/ip'.
INFO: [IP_Flow 19-234] Refreshing IP repositories
INFO: [IP_Flow 19-1704] No user IP repositories specified
INFO: [IP_Flow 19-2313] Loaded Vivado IP repository 'C:/Xilinx/Vivado/2016.3/data/ip'.
open_project: Time (s): cpu = 00:00:15 ; elapsed = 00:00:20 . Memory (MB): peak = 743.398 ; gain = 127.672
launch_simulation
INFO: [SIM-utils-51] Simulation object is 'sim_1'
INFO: [USF-XSim-37] Inspecting design source files for 'SCPU_sim' in fileset 'sim_1'...
INFO: [USF-XSim-97] Finding global include files...
INFO: [USF-XSim-98] Fetching design files from 'sim_1'...
INFO: [USF-XSim-2] XSim::Compile design
INFO: [USF-XSim-61] Executing 'COMPILE and ANALYZE' step in 'E:/vivado_homework/SCPU/project_1/project_1.sim/sim_1/behav'
"xvlog -m64 --relax -prj SCPU_sim_vlog.prj"
INFO: [VRFC 10-2263] Analyzing Verilog file "E:/vivado_homework/SCPU/project_1/project_1.srcs/sources_1/new/Mux_PCSrc.v" into library xil_defaultlib
INFO: [VRFC 10-311] analyzing module Mux_PCSrc
INFO: [VRFC 10-2263] Analyzing Verilog file "E:/vivado_homework/SCPU/project_1/project_1.srcs/sources_1/new/Register.v" into library xil_defaultlib
INFO: [VRFC 10-311] analyzing module Register
INFO: [VRFC 10-2263] Analyzing Verilog file "E:/vivado_homework/SCPU/project_1/project_1.srcs/sources_1/new/Mux_signExtend.v" into library xil_defaultlib
INFO: [VRFC 10-311] analyzing module Mux_signExtend
INFO: [VRFC 10-2263] Analyzing Verilog file "E:/vivado_homework/SCPU/project_1/project_1.srcs/sources_1/new/Mux_RegDst.v" into library xil_defaultlib
INFO: [VRFC 10-311] analyzing module Mux_RegDst
INFO: [VRFC 10-2263] Analyzing Verilog file "E:/vivado_homework/SCPU/project_1/project_1.srcs/sources_1/new/Mux_ALUSrc.v" into library xil_defaultlib
INFO: [VRFC 10-311] analyzing module Mux_ALUSrc
INFO: [VRFC 10-2263] Analyzing Verilog file "E:/vivado_homework/SCPU/project_1/project_1.srcs/sources_1/new/instructionMemory.v" into library xil_defaultlib
INFO: [VRFC 10-311] analyzing module instructionMemory
INFO: [VRFC 10-2263] Analyzing Verilog file "E:/vivado_homework/SCPU/project_1/project_1.srcs/sources_1/new/DataMemory.v" into library xil_defaultlib
INFO: [VRFC 10-311] analyzing module DataMemory
INFO: [VRFC 10-2263] Analyzing Verilog file "E:/vivado_homework/SCPU/project_1/project_1.srcs/sources_1/new/control_unit.v" into library xil_defaultlib
INFO: [VRFC 10-311] analyzing module control_unit
INFO: [VRFC 10-2263] Analyzing Verilog file "E:/vivado_homework/SCPU/project_1/project_1.srcs/sources_1/new/ALU_mem_to_reg.v" into library xil_defaultlib
INFO: [VRFC 10-311] analyzing module Mux_ALU_memory_to_reg
INFO: [VRFC 10-2263] Analyzing Verilog file "E:/vivado_homework/SCPU/project_1/project_1.srcs/sources_1/new/ALU.v" into library xil_defaultlib
INFO: [VRFC 10-311] analyzing module ALU
INFO: [VRFC 10-2263] Analyzing Verilog file "E:/vivado_homework/SCPU/project_1/project_1.srcs/sources_1/new/addr_shift.v" into library xil_defaultlib
INFO: [VRFC 10-311] analyzing module addr_shift
INFO: [VRFC 10-2263] Analyzing Verilog file "E:/vivado_homework/SCPU/project_1/project_1.srcs/sources_1/new/PC.v" into library xil_defaultlib
INFO: [VRFC 10-311] analyzing module PC
INFO: [VRFC 10-2263] Analyzing Verilog file "E:/vivado_homework/SCPU/project_1/project_1.srcs/sources_1/new/SCPU.v" into library xil_defaultlib
INFO: [VRFC 10-311] analyzing module SCPU
INFO: [VRFC 10-2263] Analyzing Verilog file "E:/vivado_homework/SCPU/project_1/project_1.srcs/sim_1/new/SCPU_sim.v" into library xil_defaultlib
INFO: [VRFC 10-311] analyzing module SCPU_sim
INFO: [VRFC 10-2263] Analyzing Verilog file "E:/vivado_homework/SCPU/project_1/project_1.sim/sim_1/behav/glbl.v" into library xil_defaultlib
INFO: [VRFC 10-311] analyzing module glbl
run_program: Time (s): cpu = 00:00:01 ; elapsed = 00:00:09 . Memory (MB): peak = 743.398 ; gain = 0.000
INFO: [USF-XSim-69] 'compile' step finished in '9' seconds
INFO: [USF-XSim-3] XSim::Elaborate design
INFO: [USF-XSim-61] Executing 'ELABORATE' step in 'E:/vivado_homework/SCPU/project_1/project_1.sim/sim_1/behav'
Vivado Simulator 2016.3
Copyright 1986-1999, 2001-2016 Xilinx, Inc. All Rights Reserved.
Running: C:/Xilinx/Vivado/2016.3/bin/unwrapped/win64.o/xelab.exe -wto 5036de1aabf34b718ac0266cebc7d9ce --debug typical --relax --mt 2 -L xil_defaultlib -L unisims_ver -L unimacro_ver -L secureip --snapshot SCPU_sim_behav xil_defaultlib.SCPU_sim xil_defaultlib.glbl -log elaborate.log 
Using 2 slave threads.
Starting static elaboration
Completed static elaboration
Starting simulation data flow analysis
Completed simulation data flow analysis
Time Resolution for simulation is 1ps
Compiling module xil_defaultlib.PC
Compiling module xil_defaultlib.instructionMemory
Compiling module xil_defaultlib.control_unit
Compiling module xil_defaultlib.Mux_RegDst
Compiling module xil_defaultlib.Mux_signExtend
Compiling module xil_defaultlib.Register
Compiling module xil_defaultlib.Mux_ALUSrc
Compiling module xil_defaultlib.ALU
Compiling module xil_defaultlib.DataMemory
Compiling module xil_defaultlib.Mux_ALU_memory_to_reg
Compiling module xil_defaultlib.addr_shift
Compiling module xil_defaultlib.Mux_PCSrc
Compiling module xil_defaultlib.SCPU
Compiling module xil_defaultlib.SCPU_sim
Compiling module xil_defaultlib.glbl
Built simulation snapshot SCPU_sim_behav

****** Webtalk v2016.3 (64-bit)
  **** SW Build 1682563 on Mon Oct 10 19:07:27 MDT 2016
  **** IP Build 1681267 on Mon Oct 10 21:28:31 MDT 2016
    ** Copyright 1986-2016 Xilinx, Inc. All Rights Reserved.

source E:/vivado_homework/SCPU/project_1/project_1.sim/sim_1/behav/xsim.dir/SCPU_sim_behav/webtalk/xsim_webtalk.tcl -notrace
