#
# A fatal error has been detected by the Java Runtime Environment:
#
#  EXCEPTION_ACCESS_VIOLATION (0xc0000005) at pc=0x000007fec8218d0d, pid=6852, tid=6764
#
# JRE version: Java(TM) SE Runtime Environment (8.0_66-b18) (build 1.8.0_66-b18)
# Java VM: Java HotSpot(TM) 64-Bit Server VM (25.66-b18 mixed mode windows-amd64 compressed oops)
# Problematic frame:
# C  0x000007fec8218d0d
#
# Failed to write core dump. Minidumps are not enabled by default on client versions of Windows
#
# If you would like to submit a bug report, please visit:
#   http://bugreport.java.com/bugreport/crash.jsp
# The crash happened outside the Java Virtual Machine in native code.
# See problematic frame for where to report the bug.
#

---------------  T H R E A D  ---------------

Current thread (0x00000000029ad800):  JavaThread "AWT-EventQueue-0" [_thread_in_native, id=6764, stack(0x00000000104e0000,0x00000000109e0000)]

siginfo: ExceptionCode=0xc0000005, reading address 0x0000000000000008

Registers:
RAX=0x00000000109d59b8, RBX=0x000000002e2cbe20, RCX=0x000000003a874680, RDX=0x0000000000000023
RSP=0x00000000109d5920, RBP=0x0000000000000000, RSI=0x000000003a874680, RDI=0x0000000000000000
R8 =0x0000000000000000, R9 =0x0000000000000000, R10=0x0000000054c6f3a0, R11=0x0000000054c6f360
R12=0x0000000000000000, R13=0x000000002da94578, R14=0x0000000000000000, R15=0x00000000029ad800
RIP=0x000007fec8218d0d, EFLAGS=0x0000000000010202

Top of Stack: (sp=0x00000000109d5920)
0x00000000109d5920:   00000000109d59b8 00000000109d59b8
0x00000000109d5930:   0000000702684b78 00000000154f4450
0x00000000109d5940:   fffffffffffffffe 00000007c00b2ee8
0x00000000109d5950:   00000000109d5b40 000000000000141f
0x00000000109d5960:   0000000000000128 000007fec8258ead
0x00000000109d5970:   0000000000000000 0000000700000023
0x00000000109d5980:   000000002e2cbe20 00000000109d5b18
0x00000000109d5990:   fffffffffffffffe 0000000700595648
0x00000000109d59a0:   000000002e2cbe20 000007fec85d728f
0x00000000109d59b0:   0000000000000023 0000000000000023
0x00000000109d59c0:   0000000702684fb0 0000000000000000
0x00000000109d59d0:   000000002da94578 000007fec87a2eef
0x00000000109d59e0:   0000000702684b78 0000000702685200
0x00000000109d59f0:   0000000702973828 0000000013026678
0x00000000109d5a00:   00000000029ad9f8 00000000129d138c
0x00000000109d5a10:   fffffffffffffffe 000007fec87a1dbf 

Instructions: (pc=0x000007fec8218d0d)
0x000007fec8218ced:   c7 44 24 20 fe ff ff ff 48 89 5c 24 60 48 89 6c
0x000007fec8218cfd:   24 68 41 0f b6 e9 45 8b f0 48 8b f1 48 8b 79 08
0x000007fec8218d0d:   48 8b 5f 08 80 7b 19 00 75 2d 66 0f 1f 84 00 00
0x000007fec8218d1d:   00 00 00 48 8d 4b 20 48 8d 54 24 58 e8 62 8d ff 


Register to memory mapping:

RAX=0x00000000109d59b8 is pointing into the stack for thread: 0x00000000029ad800
RBX=0x000000002e2cbe20 is an unknown value
RCX=0x000000003a874680 is an unknown value
RDX=0x0000000000000023 is an unknown value
RSP=0x00000000109d5920 is pointing into the stack for thread: 0x00000000029ad800
RBP=0x0000000000000000 is an unknown value
RSI=0x000000003a874680 is an unknown value
RDI=0x0000000000000000 is an unknown value
R8 =0x0000000000000000 is an unknown value
R9 =0x0000000000000000 is an unknown value
R10=0x0000000054c6f3a0 is an unknown value
R11=0x0000000054c6f360 is an unknown value
R12=0x0000000000000000 is an unknown value
R13={method} {0x000000002da94580} 'HWDevice_isHwDebugSupported' '(J)Z' in 'ui/data/labtools/lthwdatai'
R14=0x0000000000000000 is an unknown value
R15=0x00000000029ad800 is a thread


Stack: [0x00000000104e0000,0x00000000109e0000],  sp=0x00000000109d5920,  free space=5078k
Native frames: (J=compiled Java code, j=interpreted, Vv=VM code, C=native code)

Java frames: (J=compiled Java code, j=interpreted, Vv=VM code)
j  ui.data.labtools.lthwdatai.HWDevice_isHwDebugSupported(J)Z+0
j  ui.data.labtools.b.biW()Z+4
j  ui.data.labtools.b.ci()Ljava/lang/String;+1
j  ui.b.u.O.cOV()V+67
j  ui.b.u.O.am(Lui/data/bl;)V+13
j  ui.b.c.bE.ao(Lui/data/bl;)V+7
j  ui.b.c.bg.ao(Lui/data/bl;)V+32
j  ui.views.cB.ao(Lui/data/bl;)V+5
j  ui.views.cB.display()V+107
j  ui.views.cB.eNJ()V+52
j  ui.views.bE.eMa()V+82
J 14774 C1 ui.e.a(Z)V (173 bytes) @ 0x00000000134eb854 [0x00000000134ea060+0x17f4]
J 15246 C1 ui.e.a(Lui/frmwork/a/h;)V (103 bytes) @ 0x0000000012990bf4 [0x000000001298fd60+0xe94]
J 12998 C1 ui.frmwork.a.k.d(Lui/frmwork/a/h;)V (61 bytes) @ 0x000000001345b564 [0x000000001345ac80+0x8e4]
J 10621 C1 ui.frmwork.HTclEventBroker.i(JZ)V (497 bytes) @ 0x000000001431994c [0x0000000014315d00+0x3c4c]
J 14455 C1 ui.frmwork.HTclEventBroker$$Lambda$25.run()V (12 bytes) @ 0x0000000014db8df4 [0x0000000014db8d00+0xf4]
J 8623 C2 java.awt.EventQueue$3.run()Ljava/lang/Object; (5 bytes) @ 0x0000000013c07578 [0x0000000013c06d20+0x858]
v  ~StubRoutines::call_stub
J 1823  java.security.AccessController.doPrivileged(Ljava/security/PrivilegedAction;Ljava/security/AccessControlContext;)Ljava/lang/Object; (0 bytes) @ 0x00000000124ba1e6 [0x00000000124ba180+0x66]
J 8625 C2 ui.frmwork.a.d.dispatchEvent(Ljava/awt/AWTEvent;)V (30 bytes) @ 0x0000000013c0c770 [0x0000000013c0c3c0+0x3b0]
J 14505 C2 java.awt.EventDispatchThread.pumpOneEventForFilters(I)V (295 bytes) @ 0x00000000137ec05c [0x00000000137ebae0+0x57c]
J 14635 C2 java.awt.EventDispatchThread.pumpEventsForFilter(ILjava/awt/Conditional;Ljava/awt/EventFilter;)V (47 bytes) @ 0x0000000013d512d4 [0x0000000013d510e0+0x1f4]
j  java.awt.EventDispatchThread.pumpEventsForFilter(Ljava/awt/Conditional;Ljava/awt/EventFilter;)V+4
j  java.awt.WaitDispatchSupport$2.run()V+59
j  java.awt.WaitDispatchSupport$4.run()Ljava/lang/Void;+4
j  java.awt.WaitDispatchSupport$4.run()Ljava/lang/Object;+1
v  ~StubRoutines::call_stub
J 184  java.security.AccessController.doPrivileged(Ljava/security/PrivilegedAction;)Ljava/lang/Object; (0 bytes) @ 0x00000000123e7152 [0x00000000123e7100+0x52]
j  java.awt.WaitDispatchSupport.enter()Z+279
j  java.awt.Dialog.show()V+233
J 18617 C1 java.awt.Window.setVisible(Z)V (6 bytes) @ 0x0000000015996664 [0x0000000015996420+0x244]
j  java.awt.Dialog.setVisible(Z)V+2
j  ui.b.c.g.setVisible(Z)V+2
j  ui.b.c.bt.showDialog()V+62
j  ui.b.c.bA.actionPerformed(Ljava/awt/event/ActionEvent;)V+8
j  ui.b.c.bt.cFh()V+464
j  ui.data.experiment.n.a(Ljava/util/ArrayList;Lui/views/P/r;)V+37
j  ui.data.experiment.n.a(Lui/views/cr;Ljava/awt/Component;Ljava/util/ArrayList;Ljava/lang/String;ZLjava/lang/String;ZZZZZZLui/data/experiment/x;)V+255
j  ui.views.E.e.FP(I)V+125
j  ui.views.E.e.a(Lui/views/E/e;I)V+2
j  ui.views.E.g.b(I)V+5
j  ui.b.o.h.b(I)V+27
j  ui.b.c.bt.v()V+229
j  ui.b.c.bC.finished()V+4
j  ui.frmwork.C.run()V+11
J 8623 C2 java.awt.EventQueue$3.run()Ljava/lang/Object; (5 bytes) @ 0x0000000013c07044 [0x0000000013c06d20+0x324]
v  ~StubRoutines::call_stub
J 1823  java.security.AccessController.doPrivileged(Ljava/security/PrivilegedAction;Ljava/security/AccessControlContext;)Ljava/lang/Object; (0 bytes) @ 0x00000000124ba1e6 [0x00000000124ba180+0x66]
J 8625 C2 ui.frmwork.a.d.dispatchEvent(Ljava/awt/AWTEvent;)V (30 bytes) @ 0x0000000013c0c770 [0x0000000013c0c3c0+0x3b0]
J 14505 C2 java.awt.EventDispatchThread.pumpOneEventForFilters(I)V (295 bytes) @ 0x00000000137ec05c [0x00000000137ebae0+0x57c]
J 14635 C2 java.awt.EventDispatchThread.pumpEventsForFilter(ILjava/awt/Conditional;Ljava/awt/EventFilter;)V (47 bytes) @ 0x0000000013d512d4 [0x0000000013d510e0+0x1f4]
j  java.awt.EventDispatchThread.pumpEventsForFilter(Ljava/awt/Conditional;Ljava/awt/EventFilter;)V+4
j  java.awt.WaitDispatchSupport$2.run()V+59
j  java.awt.WaitDispatchSupport$4.run()Ljava/lang/Void;+4
j  java.awt.WaitDispatchSupport$4.run()Ljava/lang/Object;+1
v  ~StubRoutines::call_stub
J 184  java.security.AccessController.doPrivileged(Ljava/security/PrivilegedAction;)Ljava/lang/Object; (0 bytes) @ 0x00000000123e7152 [0x00000000123e7100+0x52]
j  java.awt.WaitDispatchSupport.enter()Z+279
j  java.awt.Dialog.show()V+233
J 18617 C1 java.awt.Window.setVisible(Z)V (6 bytes) @ 0x0000000015996664 [0x0000000015996420+0x244]
j  java.awt.Dialog.setVisible(Z)V+2
j  ui.b.c.g.setVisible(Z)V+2
j  ui.b.c.bt.showDialog()V+62
j  ui.b.c.bA.actionPerformed(Ljava/awt/event/ActionEvent;)V+8
j  ui.b.c.bt.cFh()V+464
j  ui.b.o.h.a(Ljava/awt/Component;Lui/project/r;Ljava/util/Collection;ZLui/frmwork/K;)V+28
j  ui.views.E.e.fBd()V+107
j  ui.views.E.e.j(Lui/views/E/e;)V+1
j  ui.views.E.f.run()V+313
j  ui.views.P.W.cv(I)V+146
j  ui.views.x.a.y.b(I)V+37
j  ui.views.c.e.j.b(I)V+2
j  ui.b.c.bt.v()V+229
j  ui.b.c.bC.finished()V+4
j  ui.frmwork.C.run()V+11
J 8623 C2 java.awt.EventQueue$3.run()Ljava/lang/Object; (5 bytes) @ 0x0000000013c07044 [0x0000000013c06d20+0x324]
v  ~StubRoutines::call_stub
J 1823  java.security.AccessController.doPrivileged(Ljava/security/PrivilegedAction;Ljava/security/AccessControlContext;)Ljava/lang/Object; (0 bytes) @ 0x00000000124ba1e6 [0x00000000124ba180+0x66]
J 8625 C2 ui.frmwork.a.d.dispatchEvent(Ljava/awt/AWTEvent;)V (30 bytes) @ 0x0000000013c0c770 [0x0000000013c0c3c0+0x3b0]
J 14505 C2 java.awt.EventDispatchThread.pumpOneEventForFilters(I)V (295 bytes) @ 0x00000000137ec05c [0x00000000137ebae0+0x57c]
J 14635 C2 java.awt.EventDispatchThread.pumpEventsForFilter(ILjava/awt/Conditional;Ljava/awt/EventFilter;)V (47 bytes) @ 0x0000000013d512d4 [0x0000000013d510e0+0x1f4]
j  java.awt.EventDispatchThread.pumpEventsForFilter(Ljava/awt/Conditional;Ljava/awt/EventFilter;)V+4
j  java.awt.WaitDispatchSupport$2.run()V+59
j  java.awt.WaitDispatchSupport$4.run()Ljava/lang/Void;+4
j  java.awt.WaitDispatchSupport$4.run()Ljava/lang/Object;+1
v  ~StubRoutines::call_stub
J 184  java.security.AccessController.doPrivileged(Ljava/security/PrivilegedAction;)Ljava/lang/Object; (0 bytes) @ 0x00000000123e7152 [0x00000000123e7100+0x52]
j  java.awt.WaitDispatchSupport.enter()Z+279
j  java.awt.Dialog.show()V+233
J 18617 C1 java.awt.Window.setVisible(Z)V (6 bytes) @ 0x0000000015996664 [0x0000000015996420+0x244]
j  java.awt.Dialog.setVisible(Z)V+2
j  ui.b.c.g.setVisible(Z)V+2
j  ui.b.c.bt.showDialog()V+62
j  ui.b.c.bA.actionPerformed(Ljava/awt/event/ActionEvent;)V+8
j  ui.b.c.bt.cFh()V+464
j  ui.views.P.U.a(Lui/views/P/ai;)V+266
j  ui.views.P.U.a(Lui/views/P/ai;Ljava/util/Collection;)V+43
j  ui.views.P.U.a(Ljava/lang/String;ZLjava/lang/Runnable;Ljava/lang/Runnable;)Z+234
j  ui.views.P.U.a(Ljava/lang/String;Ljava/lang/Runnable;Ljava/lang/Runnable;)Z+5
j  ui.views.P.U.a(Ljava/lang/String;Ljava/lang/Runnable;)Z+4
j  ui.views.E.e.ddD()V+894
j  ui.views.E.e.run()V+1
j  ui.views.E.k.b(Lui/views/E/k;)V+1
j  ui.views.E.k.b(Ljava/util/ArrayList;Lui/data/experiment/l;)V+56
j  ui.views.E.k.run()V+118
j  ui.frmwork.a.dIn()Z+79
j  ui.views.P.b.m.I(Lui/views/P/r;)V+26
j  ui.views.P.b.y.mousePressed(Ljava/awt/event/MouseEvent;)V+130
J 14259 C1 java.awt.AWTEventMulticaster.mousePressed(Ljava/awt/event/MouseEvent;)V (27 bytes) @ 0x0000000014cf8ef4 [0x0000000014cf8b20+0x3d4]
J 14259 C1 java.awt.AWTEventMulticaster.mousePressed(Ljava/awt/event/MouseEvent;)V (27 bytes) @ 0x0000000014cf8d3c [0x0000000014cf8b20+0x21c]
J 14259 C1 java.awt.AWTEventMulticaster.mousePressed(Ljava/awt/event/MouseEvent;)V (27 bytes) @ 0x0000000014cf8d3c [0x0000000014cf8b20+0x21c]
J 14259 C1 java.awt.AWTEventMulticaster.mousePressed(Ljava/awt/event/MouseEvent;)V (27 bytes) @ 0x0000000014cf8d3c [0x0000000014cf8b20+0x21c]
J 9485 C1 java.awt.Component.processMouseEvent(Ljava/awt/event/MouseEvent;)V (100 bytes) @ 0x0000000012914084 [0x0000000012913c20+0x464]
J 9484 C1 javax.swing.JComponent.processMouseEvent(Ljava/awt/event/MouseEvent;)V (27 bytes) @ 0x000000001276f9bc [0x000000001276f7a0+0x21c]
J 19162 C2 java.awt.Component.processEvent(Ljava/awt/AWTEvent;)V (220 bytes) @ 0x00000000137c2ba8 [0x00000000137c2a60+0x148]
J 11777 C1 ui.g.n.x.K.processEvent(Ljava/awt/AWTEvent;)V (71 bytes) @ 0x00000000146021c4 [0x0000000014600940+0x1884]
J 18639 C2 java.awt.Component.dispatchEventImpl(Ljava/awt/AWTEvent;)V (883 bytes) @ 0x00000000159fece8 [0x00000000159fe400+0x8e8]
J 8767 C2 java.awt.Container.dispatchEventImpl(Ljava/awt/AWTEvent;)V (129 bytes) @ 0x0000000013c83af8 [0x0000000013c83aa0+0x58]
J 9795 C2 java.awt.LightweightDispatcher.retargetMouseEvent(Ljava/awt/Component;ILjava/awt/event/MouseEvent;)V (350 bytes) @ 0x000000001406036c [0x000000001405fdc0+0x5ac]
J 12146 C2 java.awt.LightweightDispatcher.processMouseEvent(Ljava/awt/event/MouseEvent;)Z (286 bytes) @ 0x0000000012cbd1d4 [0x0000000012cbcd00+0x4d4]
J 12102 C2 java.awt.Window.dispatchEventImpl(Ljava/awt/AWTEvent;)V (23 bytes) @ 0x0000000013684c98 [0x0000000013684a00+0x298]
J 8623 C2 java.awt.EventQueue$3.run()Ljava/lang/Object; (5 bytes) @ 0x0000000013c07110 [0x0000000013c06d20+0x3f0]
v  ~StubRoutines::call_stub
J 1823  java.security.AccessController.doPrivileged(Ljava/security/PrivilegedAction;Ljava/security/AccessControlContext;)Ljava/lang/Object; (0 bytes) @ 0x00000000124ba1e6 [0x00000000124ba180+0x66]
J 11549 C2 java.awt.EventQueue$4.run()Ljava/lang/Object; (5 bytes) @ 0x0000000013bd6b70 [0x0000000013bd69e0+0x190]
v  ~StubRoutines::call_stub
J 1823  java.security.AccessController.doPrivileged(Ljava/security/PrivilegedAction;Ljava/security/AccessControlContext;)Ljava/lang/Object; (0 bytes) @ 0x00000000124ba1e6 [0x00000000124ba180+0x66]
J 8625 C2 ui.frmwork.a.d.dispatchEvent(Ljava/awt/AWTEvent;)V (30 bytes) @ 0x0000000013c0c684 [0x0000000013c0c3c0+0x2c4]
J 14417% C2 java.awt.EventDispatchThread.pumpEventsForFilter(ILjava/awt/Conditional;Ljava/awt/EventFilter;)V (47 bytes) @ 0x0000000014db1ac0 [0x0000000014db1740+0x380]
j  java.awt.EventDispatchThread.pumpEventsForHierarchy(ILjava/awt/Conditional;Ljava/awt/Component;)V+11
j  java.awt.EventDispatchThread.pumpEvents(ILjava/awt/Conditional;)V+4
j  java.awt.EventDispatchThread.pumpEvents(Ljava/awt/Conditional;)V+3
j  java.awt.EventDispatchThread.run()V+9
v  ~StubRoutines::call_stub

---------------  P R O C E S S  ---------------

Java Threads: ( => current thread )
  0x0000000031b0e000 JavaThread "Starting Design Runs" [_thread_blocked, id=6624, stack(0x000000006d550000,0x000000006da50000)]
  0x0000000039a10800 JavaThread "Image Fetcher 0" daemon [_thread_blocked, id=696, stack(0x000000006cf90000,0x000000006d490000)]
  0x00000000317ce800 JavaThread "Batik CleanerThread" daemon [_thread_blocked, id=2252, stack(0x00000000532d0000,0x00000000537d0000)]
  0x0000000039dc7800 JavaThread "Thread-198" [_thread_in_native, id=5520, stack(0x000000002dcf0000,0x000000002ddf0000)]
  0x00000000314ef800 JavaThread "Monitor File Timestamp Swing Worker" [_thread_blocked, id=6356, stack(0x000000003e1f0000,0x000000003e6f0000)]
  0x0000000030333000 JavaThread "Swing-Shell" daemon [_thread_blocked, id=3276, stack(0x000000003c090000,0x000000003c590000)]
  0x0000000028f14000 JavaThread "hw_ila_monitor" [_thread_blocked, id=5312, stack(0x000000002edf0000,0x000000002f2f0000)]
  0x0000000027297800 JavaThread "Update Runs Swing Worker" [_thread_blocked, id=3800, stack(0x000000002e870000,0x000000002ed70000)]
  0x0000000010f7d800 JavaThread "Refresh Filesets Swing Worker" [_thread_blocked, id=504, stack(0x000000002e300000,0x000000002e800000)]
  0x00000000284eb800 JavaThread "Monitor File Timestamp Swing Worker" [_thread_blocked, id=6528, stack(0x000000002b300000,0x000000002b800000)]
  0x000000000eaed800 JavaThread "Process Messages" [_thread_blocked, id=6768, stack(0x00000000274d0000,0x00000000279d0000)]
  0x000000000722a800 JavaThread "Thread-3" [_thread_in_native, id=1304, stack(0x00000000029f0000,0x0000000003df0000)]
=>0x00000000029ad800 JavaThread "AWT-EventQueue-0" [_thread_in_native, id=6764, stack(0x00000000104e0000,0x00000000109e0000)]
  0x000000000b73b000 JavaThread "AWT-Windows" daemon [_thread_in_native, id=2872, stack(0x000000000dcb0000,0x000000000e1b0000)]
  0x000000000b73c000 JavaThread "AWT-Shutdown" [_thread_blocked, id=7088, stack(0x000000000d6c0000,0x000000000dbc0000)]
  0x000000000b73d000 JavaThread "Java2D Disposer" daemon [_thread_blocked, id=5728, stack(0x000000000d190000,0x000000000d690000)]
  0x000000000be57800 JavaThread "TimerQueue" daemon [_thread_blocked, id=3600, stack(0x000000000cb00000,0x000000000d000000)]
  0x000000000a295000 JavaThread "Service Thread" daemon [_thread_blocked, id=6388, stack(0x000000000b7f0000,0x000000000bcf0000)]
  0x0000000009a12000 JavaThread "C1 CompilerThread2" daemon [_thread_blocked, id=3396, stack(0x000000000b0a0000,0x000000000b1a0000)]
  0x0000000009a14000 JavaThread "C2 CompilerThread1" daemon [_thread_blocked, id=5636, stack(0x000000000a9b0000,0x000000000aab0000)]
  0x0000000009a15800 JavaThread "C2 CompilerThread0" daemon [_thread_blocked, id=5552, stack(0x0000000009be0000,0x0000000009ce0000)]
  0x0000000009a06000 JavaThread "Attach Listener" daemon [_thread_blocked, id=5012, stack(0x000000000b1b0000,0x000000000b6b0000)]
  0x0000000009a07800 JavaThread "Signal Dispatcher" daemon [_thread_blocked, id=6756, stack(0x000000000aac0000,0x000000000afc0000)]
  0x000000000999c000 JavaThread "Finalizer" daemon [_thread_blocked, id=1668, stack(0x000000000a390000,0x000000000a890000)]
  0x000000000999d000 JavaThread "Reference Handler" daemon [_thread_blocked, id=6408, stack(0x0000000009d40000,0x000000000a240000)]
  0x00000000071f5800 JavaThread "main" [_thread_blocked, id=6840, stack(0x00000000073d0000,0x00000000074d0000)]

Other Threads:
  0x0000000007390800 VMThread [stack: 0x0000000009a90000,0x0000000009b90000] [id=7080]
  0x00000000099f1800 WatcherThread [stack: 0x000000000bd20000,0x000000000be20000] [id=2952]

VM state:not at safepoint (normal execution)

VM Mutex/Monitor currently owned by a thread: None

Heap:
 PSYoungGen      total 55296K, used 44484K [0x00000007bc400000, 0x00000007c0000000, 0x00000007c0000000)
  eden space 49152K, 89% used [0x00000007bc400000,0x00000007beed91e8,0x00000007bf400000)
  from space 6144K, 9% used [0x00000007bf400000,0x00000007bf498000,0x00000007bfa00000)
  to   space 6144K, 0% used [0x00000007bfa00000,0x00000007bfa00000,0x00000007c0000000)
 ParOldGen       total 118784K, used 76967K [0x0000000700000000, 0x0000000707400000, 0x00000007bc400000)
  object space 118784K, 64% used [0x0000000700000000,0x0000000704b29ed0,0x0000000707400000)
 Metaspace       used 76916K, capacity 77701K, committed 78208K, reserved 1116160K
  class space    used 10919K, capacity 11061K, committed 11136K, reserved 1048576K

Card table byte_map: [0x0000000007890000,0x0000000007ea0000] byte_map_base: 0x0000000004090000

Marking Bits: (ParMarkBitMap*) 0x000000006ce6a5b0
 Begin Bits: [0x0000000021270000, 0x0000000024270000)
 End Bits:   [0x0000000024270000, 0x0000000027270000)

Polling page: 0x0000000000380000

CodeCache: size=245760Kb used=56696Kb max_used=57522Kb free=189063Kb
 bounds [0x0000000012270000, 0x0000000015b20000, 0x0000000021270000]
 total_blobs=15353 nmethods=14385 adapters=871
 compilation: enabled

Compilation events (10 events):
Event: 4799.380 Thread 0x0000000009a15800 19213       4       java.awt.Dimension::<init> (7 bytes)
Event: 4799.381 Thread 0x0000000009a15800 nmethod 19213 0x0000000014192110 code [0x0000000014192240, 0x0000000014192298]
Event: 4799.596 Thread 0x0000000009a12000 19214       3       javax.swing.tree.FixedHeightLayoutCache::treeStructureChanged (198 bytes)
Event: 4799.598 Thread 0x0000000009a12000 nmethod 19214 0x0000000014b32d90 code [0x0000000014b33120, 0x0000000014b35108]
Event: 4799.598 Thread 0x0000000009a12000 19216       3       ui.views.cS::c (187 bytes)
Event: 4799.602 Thread 0x0000000009a12000 nmethod 19216 0x0000000015513e10 code [0x0000000015514320, 0x0000000015517638]
Event: 4799.602 Thread 0x0000000009a12000 19215       3       ui.views.p.g::rR (73 bytes)
Event: 4799.603 Thread 0x0000000009a12000 nmethod 19215 0x0000000013b80ed0 code [0x0000000013b81140, 0x0000000013b82128]
Event: 4799.631 Thread 0x0000000009a15800 19217       4       javax.swing.text.html.HTMLWriter::writeAttributes (121 bytes)
Event: 4799.707 Thread 0x0000000009a15800 nmethod 19217 0x0000000013123450 code [0x0000000013123720, 0x00000000131257a0]

GC Heap History (10 events):
Event: 4791.530 GC heap before
{Heap before GC invocations=196 (full 13):
 PSYoungGen      total 54784K, used 50552K [0x00000007bc400000, 0x00000007c0000000, 0x00000007c0000000)
  eden space 48128K, 100% used [0x00000007bc400000,0x00000007bf300000,0x00000007bf300000)
  from space 6656K, 36% used [0x00000007bf980000,0x00000007bfbde2c8,0x00000007c0000000)
  to   space 6656K, 0% used [0x00000007bf300000,0x00000007bf300000,0x00000007bf980000)
 ParOldGen       total 118784K, used 74743K [0x0000000700000000, 0x0000000707400000, 0x00000007bc400000)
  object space 118784K, 62% used [0x0000000700000000,0x00000007048fdf78,0x0000000707400000)
 Metaspace       used 76890K, capacity 77701K, committed 78208K, reserved 1116160K
  class space    used 10919K, capacity 11061K, committed 11136K, reserved 1048576K
Event: 4791.537 GC heap after
Heap after GC invocations=196 (full 13):
 PSYoungGen      total 54784K, used 1220K [0x00000007bc400000, 0x00000007c0000000, 0x00000007c0000000)
  eden space 48128K, 0% used [0x00000007bc400000,0x00000007bc400000,0x00000007bf300000)
  from space 6656K, 18% used [0x00000007bf300000,0x00000007bf4310c0,0x00000007bf980000)
  to   space 6656K, 0% used [0x00000007bf980000,0x00000007bf980000,0x00000007c0000000)
 ParOldGen       total 118784K, used 75991K [0x0000000700000000, 0x0000000707400000, 0x00000007bc400000)
  object space 118784K, 63% used [0x0000000700000000,0x0000000704a35c80,0x0000000707400000)
 Metaspace       used 76890K, capacity 77701K, committed 78208K, reserved 1116160K
  class space    used 10919K, capacity 11061K, committed 11136K, reserved 1048576K
}
Event: 4792.736 GC heap before
{Heap before GC invocations=197 (full 13):
 PSYoungGen      total 54784K, used 49348K [0x00000007bc400000, 0x00000007c0000000, 0x00000007c0000000)
  eden space 48128K, 100% used [0x00000007bc400000,0x00000007bf300000,0x00000007bf300000)
  from space 6656K, 18% used [0x00000007bf300000,0x00000007bf4310c0,0x00000007bf980000)
  to   space 6656K, 0% used [0x00000007bf980000,0x00000007bf980000,0x00000007c0000000)
 ParOldGen       total 118784K, used 75991K [0x0000000700000000, 0x0000000707400000, 0x00000007bc400000)
  object space 118784K, 63% used [0x0000000700000000,0x0000000704a35c80,0x0000000707400000)
 Metaspace       used 76890K, capacity 77701K, committed 78208K, reserved 1116160K
  class space    used 10919K, capacity 11061K, committed 11136K, reserved 1048576K
Event: 4792.743 GC heap after
Heap after GC invocations=197 (full 13):
 PSYoungGen      total 55296K, used 590K [0x00000007bc400000, 0x00000007c0000000, 0x00000007c0000000)
  eden space 48640K, 0% used [0x00000007bc400000,0x00000007bc400000,0x00000007bf380000)
  from space 6656K, 8% used [0x00000007bf980000,0x00000007bfa13b80,0x00000007c0000000)
  to   space 6144K, 0% used [0x00000007bf380000,0x00000007bf380000,0x00000007bf980000)
 ParOldGen       total 118784K, used 76640K [0x0000000700000000, 0x0000000707400000, 0x00000007bc400000)
  object space 118784K, 64% used [0x0000000700000000,0x0000000704ad8350,0x0000000707400000)
 Metaspace       used 76890K, capacity 77701K, committed 78208K, reserved 1116160K
  class space    used 10919K, capacity 11061K, committed 11136K, reserved 1048576K
}
Event: 4793.767 GC heap before
{Heap before GC invocations=198 (full 13):
 PSYoungGen      total 55296K, used 49230K [0x00000007bc400000, 0x00000007c0000000, 0x00000007c0000000)
  eden space 48640K, 100% used [0x00000007bc400000,0x00000007bf380000,0x00000007bf380000)
  from space 6656K, 8% used [0x00000007bf980000,0x00000007bfa13b80,0x00000007c0000000)
  to   space 6144K, 0% used [0x00000007bf380000,0x00000007bf380000,0x00000007bf980000)
 ParOldGen       total 118784K, used 76640K [0x0000000700000000, 0x0000000707400000, 0x00000007bc400000)
  object space 118784K, 64% used [0x0000000700000000,0x0000000704ad8350,0x0000000707400000)
 Metaspace       used 76890K, capacity 77701K, committed 78208K, reserved 1116160K
  class space    used 10919K, capacity 11061K, committed 11136K, reserved 1048576K
Event: 4793.772 GC heap after
Heap after GC invocations=198 (full 13):
 PSYoungGen      total 54784K, used 608K [0x00000007bc400000, 0x00000007c0000000, 0x00000007c0000000)
  eden space 48640K, 0% used [0x00000007bc400000,0x00000007bc400000,0x00000007bf380000)
  from space 6144K, 9% used [0x00000007bf380000,0x00000007bf418000,0x00000007bf980000)
  to   space 6144K, 0% used [0x00000007bfa00000,0x00000007bfa00000,0x00000007c0000000)
 ParOldGen       total 118784K, used 76927K [0x0000000700000000, 0x0000000707400000, 0x00000007bc400000)
  object space 118784K, 64% used [0x0000000700000000,0x0000000704b1fed0,0x0000000707400000)
 Metaspace       used 76890K, capacity 77701K, committed 78208K, reserved 1116160K
  class space    used 10919K, capacity 11061K, committed 11136K, reserved 1048576K
}
Event: 4794.476 GC heap before
{Heap before GC invocations=199 (full 13):
 PSYoungGen      total 54784K, used 49248K [0x00000007bc400000, 0x00000007c0000000, 0x00000007c0000000)
  eden space 48640K, 100% used [0x00000007bc400000,0x00000007bf380000,0x00000007bf380000)
  from space 6144K, 9% used [0x00000007bf380000,0x00000007bf418000,0x00000007bf980000)
  to   space 6144K, 0% used [0x00000007bfa00000,0x00000007bfa00000,0x00000007c0000000)
 ParOldGen       total 118784K, used 76927K [0x0000000700000000, 0x0000000707400000, 0x00000007bc400000)
  object space 118784K, 64% used [0x0000000700000000,0x0000000704b1fed0,0x0000000707400000)
 Metaspace       used 76890K, capacity 77701K, committed 78208K, reserved 1116160K
  class space    used 10919K, capacity 11061K, committed 11136K, reserved 1048576K
Event: 4794.482 GC heap after
Heap after GC invocations=199 (full 13):
 PSYoungGen      total 55296K, used 594K [0x00000007bc400000, 0x00000007c0000000, 0x00000007c0000000)
  eden space 49152K, 0% used [0x00000007bc400000,0x00000007bc400000,0x00000007bf400000)
  from space 6144K, 9% used [0x00000007bfa00000,0x00000007bfa94b88,0x00000007c0000000)
  to   space 6144K, 0% used [0x00000007bf400000,0x00000007bf400000,0x00000007bfa00000)
 ParOldGen       total 118784K, used 76943K [0x0000000700000000, 0x0000000707400000, 0x00000007bc400000)
  object space 118784K, 64% used [0x0000000700000000,0x0000000704b23ed0,0x0000000707400000)
 Metaspace       used 76890K, capacity 77701K, committed 78208K, reserved 1116160K
  class space    used 10919K, capacity 11061K, committed 11136K, reserved 1048576K
}
Event: 4794.943 GC heap before
{Heap before GC invocations=200 (full 13):
 PSYoungGen      total 55296K, used 49746K [0x00000007bc400000, 0x00000007c0000000, 0x00000007c0000000)
  eden space 49152K, 100% used [0x00000007bc400000,0x00000007bf400000,0x00000007bf400000)
  from space 6144K, 9% used [0x00000007bfa00000,0x00000007bfa94b88,0x00000007c0000000)
  to   space 6144K, 0% used [0x00000007bf400000,0x00000007bf400000,0x00000007bfa00000)
 ParOldGen       total 118784K, used 76943K [0x0000000700000000, 0x0000000707400000, 0x00000007bc400000)
  object space 118784K, 64% used [0x0000000700000000,0x0000000704b23ed0,0x0000000707400000)
 Metaspace       used 76890K, capacity 77701K, committed 78208K, reserved 1116160K
  class space    used 10919K, capacity 11061K, committed 11136K, reserved 1048576K
Event: 4794.948 GC heap after
Heap after GC invocations=200 (full 13):
 PSYoungGen      total 55296K, used 608K [0x00000007bc400000, 0x00000007c0000000, 0x00000007c0000000)
  eden space 49152K, 0% used [0x00000007bc400000,0x00000007bc400000,0x00000007bf400000)
  from space 6144K, 9% used [0x00000007bf400000,0x00000007bf498000,0x00000007bfa00000)
  to   space 6144K, 0% used [0x00000007bfa00000,0x00000007bfa00000,0x00000007c0000000)
 ParOldGen       total 118784K, used 76967K [0x0000000700000000, 0x0000000707400000, 0x00000007bc400000)
  object space 118784K, 64% used [0x0000000700000000,0x0000000704b29ed0,0x0000000707400000)
 Metaspace       used 76890K, capacity 77701K, committed 78208K, reserved 1116160K
  class space    used 10919K, capacity 11061K, committed 11136K, reserved 1048576K
}

Deoptimization events (10 events):
Event: 4553.370 Thread 0x00000000029ad800 Uncommon trap: reason=class_check action=maybe_recompile pc=0x00000000137c0064 method=sun.java2d.SunGraphics2D.setPaint(Ljava/awt/Paint;)V @ 9
Event: 4553.488 Thread 0x00000000029ad800 Uncommon trap: reason=class_check action=maybe_recompile pc=0x00000000137c0064 method=sun.java2d.SunGraphics2D.setPaint(Ljava/awt/Paint;)V @ 9
Event: 4722.311 Thread 0x00000000029ad800 Uncommon trap: reason=class_check action=maybe_recompile pc=0x0000000013859ba0 method=javax.swing.DefaultComboBoxModel.setSelectedItem(Ljava/lang/Object;)V @ 12
Event: 4722.312 Thread 0x00000000029ad800 Uncommon trap: reason=unstable_if action=reinterpret pc=0x000000001574c6d0 method=javax.swing.JComboBox.contentsChanged(Ljavax/swing/event/ListDataEvent;)V @ 24
Event: 4722.817 Thread 0x00000000029ad800 Uncommon trap: reason=unstable_if action=reinterpret pc=0x0000000014bdca20 method=com.jidesoft.docking.b.a(Ljava/awt/AWTEvent;Z)Lcom/jidesoft/docking/DockingManager; @ 277
Event: 4733.954 Thread 0x00000000029ad800 Uncommon trap: reason=class_check action=maybe_recompile pc=0x0000000013652104 method=com.jidesoft.grid.TreeTableModel.isCellEditable(II)Z @ 7
Event: 4741.756 Thread 0x00000000029ad800 Uncommon trap: reason=class_check action=maybe_recompile pc=0x0000000013652104 method=com.jidesoft.grid.TreeTableModel.isCellEditable(II)Z @ 7
Event: 4741.793 Thread 0x00000000029ad800 Uncommon trap: reason=class_check action=maybe_recompile pc=0x0000000013652104 method=com.jidesoft.grid.TreeTableModel.isCellEditable(II)Z @ 7
Event: 4741.929 Thread 0x00000000029ad800 Uncommon trap: reason=class_check action=maybe_recompile pc=0x0000000013652104 method=com.jidesoft.grid.TreeTableModel.isCellEditable(II)Z @ 7
Event: 4797.850 Thread 0x00000000314ef800 Uncommon trap: reason=unstable_if action=reinterpret pc=0x0000000015262bac method=ui.views.a.pV(Z)Z @ 60

Internal exceptions (10 events):
Event: 4519.794 Thread 0x00000000029ad800 Exception <a 'java/lang/ClassNotFoundException': ui/g/n/p/a/dCustomizer> (0x00000007be75a5d0) thrown at [C:\re\workspace\8-2-build-windows-amd64-cygwin\jdk8u66\5298\hotspot\src\share\vm\classfile\systemDictionary.cpp, line 210]
Event: 4519.841 Thread 0x00000000029ad800 Implicit null exception at 0x0000000013a5085e to 0x0000000013a510cd
Event: 4519.911 Thread 0x00000000029ad800 Implicit null exception at 0x00000000130896bd to 0x0000000013089a85
Event: 4519.987 Thread 0x00000000029ad800 Implicit null exception at 0x00000000139d78d1 to 0x00000000139d7a09
Event: 4520.526 Thread 0x00000000029ad800 Implicit null exception at 0x0000000014c50594 to 0x0000000014c50e35
Event: 4532.884 Thread 0x00000000029ad800 Implicit null exception at 0x00000000156073de to 0x0000000015607c8d
Event: 4555.029 Thread 0x00000000029ad800 Exception <a 'java/io/FileNotFoundException'> (0x00000007be290180) thrown at [C:\re\workspace\8-2-build-windows-amd64-cygwin\jdk8u66\5298\hotspot\src\share\vm\prims\jni.cpp, line 709]
Event: 4798.809 Thread 0x00000000029ad800 Exception <a 'java/io/FileNotFoundException'> (0x00000007be31fff0) thrown at [C:\re\workspace\8-2-build-windows-amd64-cygwin\jdk8u66\5298\hotspot\src\share\vm\prims\jni.cpp, line 709]
Event: 4798.876 Thread 0x00000000029ad800 Exception <a 'java/io/FileNotFoundException'> (0x00000007be3346a0) thrown at [C:\re\workspace\8-2-build-windows-amd64-cygwin\jdk8u66\5298\hotspot\src\share\vm\prims\jni.cpp, line 709]
Event: 4799.193 Thread 0x00000000029ad800 Exception <a 'java/io/FileNotFoundException'> (0x00000007beafcce8) thrown at [C:\re\workspace\8-2-build-windows-amd64-cygwin\jdk8u66\5298\hotspot\src\share\vm\prims\jni.cpp, line 709]

Events (10 events):
Event: 4798.910 Executing VM operation: RevokeBias
Event: 4798.910 Executing VM operation: RevokeBias done
Event: 4798.910 Thread 0x000000002f8ee000 Thread exited: 0x000000002f8ee000
Event: 4798.978 Thread 0x0000000031b0e000 Thread added: 0x0000000031b0e000
Event: 4798.979 Executing VM operation: RevokeBias
Event: 4798.979 Executing VM operation: RevokeBias done
Event: 4798.981 Executing VM operation: RevokeBias
Event: 4798.981 Executing VM operation: RevokeBias done
Event: 4798.982 Executing VM operation: RevokeBias
Event: 4798.982 Executing VM operation: RevokeBias done


Dynamic libraries:
0x000000013f3c0000 - 0x000000013f3f0000 	C:\Xilinx\Vivado\2016.3\bin\unwrapped\win64.o\vivado.exe
0x0000000077480000 - 0x0000000077628000 	C:\Windows\SYSTEM32\ntdll.dll
0x0000000077260000 - 0x000000007737f000 	C:\Windows\system32\kernel32.dll
0x000007fefd350000 - 0x000007fefd3bc000 	C:\Windows\system32\KERNELBASE.dll
0x000000000a900000 - 0x000000000a98d000 	C:\Xilinx\Vivado\2016.3\lib\win64.o\SHSMP64.dll
0x0000000077380000 - 0x000000007747a000 	C:\Windows\system32\USER32.dll
0x000007fefeee0000 - 0x000007fefef47000 	C:\Windows\system32\GDI32.dll
0x000007fefee10000 - 0x000007fefee1e000 	C:\Windows\system32\LPK.dll
0x000007fefed40000 - 0x000007fefee0a000 	C:\Windows\system32\USP10.dll
0x000007feff6e0000 - 0x000007feff77f000 	C:\Windows\system32\msvcrt.dll
0x000007feff560000 - 0x000007feff63b000 	C:\Windows\system32\ADVAPI32.dll
0x000007fefeec0000 - 0x000007fefeedf000 	C:\Windows\SYSTEM32\sechost.dll
0x000007fefd980000 - 0x000007fefdaad000 	C:\Windows\system32\RPCRT4.dll
0x000007fefd1e0000 - 0x000007fefd1ec000 	C:\Windows\system32\VERSION.dll
0x000007feeba60000 - 0x000007feeba73000 	C:\Xilinx\Vivado\2016.3\lib\win64.o\libboost_signals.dll
0x000007fee78a0000 - 0x000007fee7947000 	C:\Windows\system32\MSVCP110.dll
0x000007fee77c0000 - 0x000007fee7894000 	C:\Windows\system32\MSVCR110.dll
0x000007fee6d10000 - 0x000007fee77b9000 	C:\Xilinx\Vivado\2016.3\lib\win64.o\librdi_common.dll
0x000007fee69a0000 - 0x000007fee6d0e000 	C:\Xilinx\Vivado\2016.3\lib\win64.o\libCOIN-all.dll
0x000007fee6780000 - 0x000007fee699f000 	C:\Xilinx\Vivado\2016.3\lib\win64.o\libXil_lmgr11.dll
0x000007fefb8c0000 - 0x000007fefb8d6000 	C:\Windows\system32\NETAPI32.dll
0x000007fefb8b0000 - 0x000007fefb8bc000 	C:\Windows\system32\netutils.dll
0x000007fefcc20000 - 0x000007fefcc43000 	C:\Windows\system32\srvcli.dll
0x000007fefb890000 - 0x000007fefb8a5000 	C:\Windows\system32\wkscli.dll
0x000007feff640000 - 0x000007feff6d7000 	C:\Windows\system32\COMDLG32.dll
0x000007fefef50000 - 0x000007fefefc1000 	C:\Windows\system32\SHLWAPI.dll
0x000007fef9960000 - 0x000007fef9a00000 	C:\Windows\WinSxS\amd64_microsoft.windows.common-controls_6595b64144ccf1df_5.82.7601.18201_none_a4d3b9377117c3df\COMCTL32.dll
0x000007fefdb10000 - 0x000007fefe899000 	C:\Windows\system32\SHELL32.dll
0x000007fef82a0000 - 0x000007fef82a9000 	C:\Windows\system32\WSOCK32.dll
0x000007fefd680000 - 0x000007fefd6cd000 	C:\Windows\system32\WS2_32.dll
0x000007feff780000 - 0x000007feff788000 	C:\Windows\system32\NSI.dll
0x000007feff250000 - 0x000007feff328000 	C:\Windows\system32\OLEAUT32.dll
0x000007fefeb30000 - 0x000007fefed33000 	C:\Windows\system32\ole32.dll
0x000007fefd580000 - 0x000007fefd5bb000 	C:\Windows\system32\WINTRUST.dll
0x000007fefd3d0000 - 0x000007fefd53d000 	C:\Windows\system32\CRYPT32.dll
0x000007fefd2c0000 - 0x000007fefd2cf000 	C:\Windows\system32\MSASN1.dll
0x000007feea8d0000 - 0x000007feea8e0000 	C:\Xilinx\Vivado\2016.3\lib\win64.o\libboost_date_time.dll
0x000007fee8eb0000 - 0x000007fee8ed4000 	C:\Xilinx\Vivado\2016.3\lib\win64.o\libboost_filesystem.dll
0x000007feea3d0000 - 0x000007feea3d9000 	C:\Xilinx\Vivado\2016.3\lib\win64.o\libboost_system.dll
0x000007fee8e30000 - 0x000007fee8ea7000 	C:\Xilinx\Vivado\2016.3\lib\win64.o\libboost_program_options.dll
0x000007fee6670000 - 0x000007fee6776000 	C:\Xilinx\Vivado\2016.3\lib\win64.o\libboost_regex.dll
0x000007fee8e10000 - 0x000007fee8e2d000 	C:\Xilinx\Vivado\2016.3\lib\win64.o\libboost_thread.dll
0x000007feea3c0000 - 0x000007feea3cb000 	C:\Xilinx\Vivado\2016.3\lib\win64.o\libboost_chrono.dll
0x000007fee9ed0000 - 0x000007fee9edb000 	C:\Xilinx\Vivado\2016.3\lib\win64.o\libboost_xilinx.dll
0x000007fee65f0000 - 0x000007fee6670000 	C:\Xilinx\Vivado\2016.3\lib\win64.o\libhdlpsolve.dll
0x000007fee6550000 - 0x000007fee65ea000 	C:\Xilinx\Vivado\2016.3\lib\win64.o\libhdxml.dll
0x000007fee6180000 - 0x000007fee6549000 	C:\Xilinx\Vivado\2016.3\lib\win64.o\libisl_iostreams.dll
0x000007fee8df0000 - 0x000007fee8e06000 	C:\Xilinx\Vivado\2016.3\lib\win64.o\libboost_iostreams.dll
0x000007fee6150000 - 0x000007fee6173000 	C:\Xilinx\Vivado\2016.3\lib\win64.o\librdizlib.dll
0x000007fee6120000 - 0x000007fee6143000 	C:\Xilinx\Vivado\2016.3\lib\win64.o\libisl_iosutils.dll
0x000007fee60f0000 - 0x000007fee611a000 	C:\Xilinx\Vivado\2016.3\lib\win64.o\libisl_sysinfo.dll
0x000000006c660000 - 0x000000006cee9000 	C:\Xilinx\Vivado\2016.3\tps\win64\jre\bin\server\jvm.dll
0x000007fefb700000 - 0x000007fefb73b000 	C:\Windows\system32\WINMM.dll
0x0000000077640000 - 0x0000000077647000 	C:\Windows\system32\PSAPI.DLL
0x0000000071300000 - 0x00000000713d2000 	C:\Windows\system32\MSVCR100.dll
0x000007fee8dd0000 - 0x000007fee8de5000 	C:\Xilinx\Vivado\2016.3\lib\win64.o\pthreadVC2.dll
0x000007fee6090000 - 0x000007fee60e3000 	C:\Xilinx\Vivado\2016.3\lib\win64.o\librdi_commonxillic.dll
0x000007fee5f60000 - 0x000007fee6090000 	C:\Xilinx\Vivado\2016.3\lib\win64.o\librdi_curl.dll
0x000007fee5f40000 - 0x000007fee5f58000 	C:\Xilinx\Vivado\2016.3\lib\win64.o\librdiconfig.dll
0x0000000073bc0000 - 0x0000000073ce7000 	C:\Xilinx\Vivado\2016.3\lib\win64.o\tcl85t.dll
0x0000000012000000 - 0x0000000012263000 	C:\Xilinx\Vivado\2016.3\lib\win64.o\xerces-c_3_1.dll
0x000007feff330000 - 0x000007feff55c000 	C:\Windows\system32\WININET.dll
0x000007fefd340000 - 0x000007fefd344000 	C:\Windows\system32\api-ms-win-downlevel-user32-l1-1-0.dll
0x000007fefd570000 - 0x000007fefd575000 	C:\Windows\system32\api-ms-win-downlevel-advapi32-l1-1-0.dll
0x000007fefd3c0000 - 0x000007fefd3c4000 	C:\Windows\system32\api-ms-win-downlevel-shlwapi-l1-1-0.dll
0x000007fefd560000 - 0x000007fefd564000 	C:\Windows\system32\api-ms-win-downlevel-version-l1-1-0.dll
0x000007fefd320000 - 0x000007fefd323000 	C:\Windows\system32\api-ms-win-downlevel-normaliz-l1-1-0.dll
0x0000000077650000 - 0x0000000077653000 	C:\Windows\system32\normaliz.DLL
0x000007fefe8a0000 - 0x000007fefeb2e000 	C:\Windows\system32\iertutil.dll
0x000007fefd5c0000 - 0x000007fefd5de000 	C:\Windows\system32\USERENV.dll
0x000007fefd2d0000 - 0x000007fefd2df000 	C:\Windows\system32\profapi.dll
0x000007fef6be0000 - 0x000007fef6c51000 	C:\Windows\system32\WINHTTP.dll
0x000007fef6b70000 - 0x000007fef6bd4000 	C:\Windows\system32\webio.dll
0x000007fefd6d0000 - 0x000007fefd834000 	C:\Windows\system32\urlmon.dll
0x000007fefd330000 - 0x000007fefd334000 	C:\Windows\system32\api-ms-win-downlevel-ole32-l1-1-0.dll
0x000007fee5f10000 - 0x000007fee5f33000 	C:\Windows\system32\VCOMP110.DLL
0x000007fee5ef0000 - 0x000007fee5f01000 	C:\Xilinx\Vivado\2016.3\lib\win64.o\librdi_commonmain.dll
0x000007fee9230000 - 0x000007fee9239000 	C:\Xilinx\Vivado\2016.3\lib\win64.o\librdi_commonversion.dll
0x000007fefd840000 - 0x000007fefd86e000 	C:\Windows\system32\IMM32.DLL
0x000007fefd870000 - 0x000007fefd979000 	C:\Windows\system32\MSCTF.dll
0x000007fefd1f0000 - 0x000007fefd221000 	C:\Windows\system32\nvinitx.dll
0x000000000f000000 - 0x000000000f006000 	C:\Program Files\NVIDIA Corporation\CoProcManager\detoured.dll
0x000007fefb160000 - 0x000007fefb191000 	C:\Program Files\NVIDIA Corporation\CoProcManager\nvd3d9wrapx.dll
0x000007fefeff0000 - 0x000007feff1c7000 	C:\Windows\system32\SETUPAPI.dll
0x000007fefd2e0000 - 0x000007fefd316000 	C:\Windows\system32\CFGMGR32.dll
0x000007fefd540000 - 0x000007fefd55a000 	C:\Windows\system32\DEVOBJ.dll
0x000007fefb030000 - 0x000007fefb052000 	C:\Program Files\NVIDIA Corporation\CoProcManager\nvdxgiwrapx.dll
0x000007fee5aa0000 - 0x000007fee5eef000 	C:\Xilinx\Vivado\2016.3\lib\win64.o\librdi_commontasks.dll
0x000007fee5890000 - 0x000007fee5a96000 	C:\Xilinx\Vivado\2016.3\lib\win64.o\librdi_sio.dll
0x000007fefb570000 - 0x000007fefb597000 	C:\Windows\system32\IPHLPAPI.DLL
0x000007fefb560000 - 0x000007fefb56b000 	C:\Windows\system32\WINNSI.DLL
0x000007fee3b20000 - 0x000007fee5884000 	C:\Xilinx\Vivado\2016.3\lib\win64.o\librdi_tcltasks.dll
0x000007fee3800000 - 0x000007fee3b18000 	C:\Xilinx\Vivado\2016.3\lib\win64.o\librdi_bitstream.dll
0x000007feda8c0000 - 0x000007fee37f6000 	C:\Xilinx\Vivado\2016.3\lib\win64.o\librdi_device.dll
0x000007feda870000 - 0x000007feda8b7000 	C:\Xilinx\Vivado\2016.3\lib\win64.o\libboost_serialization.dll
0x000007fed9ec0000 - 0x000007feda865000 	C:\Xilinx\Vivado\2016.3\lib\win64.o\libverific.dll
0x000007fed9d60000 - 0x000007fed9ebe000 	C:\Xilinx\Vivado\2016.3\lib\win64.o\librdi_board.dll
0x000007fed9cf0000 - 0x000007fed9d56000 	C:\Xilinx\Vivado\2016.3\lib\win64.o\librdi_boarddep.dll
0x000007fed9ab0000 - 0x000007fed9ce5000 	C:\Xilinx\Vivado\2016.3\lib\win64.o\librdi_chipscope.dll
0x000007fed9a40000 - 0x000007fed9aa3000 	C:\Xilinx\Vivado\2016.3\lib\win64.o\liblmx6.0.dll
0x000007fed8770000 - 0x000007fed9a3e000 	C:\Xilinx\Vivado\2016.3\lib\win64.o\librdi_constraints.dll
0x000007fed8130000 - 0x000007fed876d000 	C:\Xilinx\Vivado\2016.3\lib\win64.o\librdi_filemgmt.dll
0x000007fed7cd0000 - 0x000007fed8122000 	C:\Xilinx\Vivado\2016.3\lib\win64.o\librdi_netlist.dll
0x000007fed7740000 - 0x000007fed7cc2000 	C:\Xilinx\Vivado\2016.3\lib\win64.o\librdi_psta.dll
0x000007fed4ab0000 - 0x000007fed7736000 	C:\Xilinx\Vivado\2016.3\lib\win64.o\librdi_coregen.dll
0x000007fed4a70000 - 0x000007fed4aa4000 	C:\Xilinx\Vivado\2016.3\lib\win64.o\libnoc_ntf_reader.dll
0x000007fed43b0000 - 0x000007fed4a64000 	C:\Xilinx\Vivado\2016.3\lib\win64.o\librdi_coregenipxact.dll
0x000007fed0a80000 - 0x000007fed43aa000 	C:\Xilinx\Vivado\2016.3\lib\win64.o\librdi_designutils.dll
0x000007fed0540000 - 0x000007fed0a80000 	C:\Xilinx\Vivado\2016.3\lib\win64.o\librdi_xdm.dll
0x000007fecff80000 - 0x000007fed0537000 	C:\Xilinx\Vivado\2016.3\lib\win64.o\librdi_memdata.dll
0x000007fecfa40000 - 0x000007fecff76000 	C:\Xilinx\Vivado\2016.3\lib\win64.o\librdi_drc.dll
0x000007fecef10000 - 0x000007fecfa36000 	C:\Xilinx\Vivado\2016.3\lib\win64.o\librdi_timing.dll
0x000007fececd0000 - 0x000007fecef06000 	C:\Xilinx\Vivado\2016.3\lib\win64.o\librdi_dlyest.dll
0x000007fecec30000 - 0x000007fececc7000 	C:\Xilinx\Vivado\2016.3\lib\win64.o\libise.dll
0x000007fecebf0000 - 0x000007fecec2b000 	C:\Xilinx\Vivado\2016.3\lib\win64.o\librdi_pfi.dll
0x000007feceba0000 - 0x000007fecebe3000 	C:\Xilinx\Vivado\2016.3\lib\win64.o\librdi_hdf.dll
0x000007fece9a0000 - 0x000007feceb98000 	C:\Xilinx\Vivado\2016.3\lib\win64.o\librdi_hsm.dll
0x000007fece6d0000 - 0x000007fece996000 	C:\Xilinx\Vivado\2016.3\lib\win64.o\librdi_ippcw.dll
0x000007fece5e0000 - 0x000007fece6c3000 	C:\Xilinx\Vivado\2016.3\lib\win64.o\librdi_containers.dll
0x000007fece510000 - 0x000007fece5d1000 	C:\Xilinx\Vivado\2016.3\lib\win64.o\librdi_dsp.dll
0x000007fece370000 - 0x000007fece510000 	C:\Xilinx\Vivado\2016.3\lib\win64.o\librdi_simdata.dll
0x000007fecdf90000 - 0x000007fece363000 	C:\Xilinx\Vivado\2016.3\lib\win64.o\librdi_wavedata.dll
0x000007fecdf00000 - 0x000007fecdf82000 	C:\Xilinx\Vivado\2016.3\lib\win64.o\librdi_simbridge_kernel.dll
0x000007fecdec0000 - 0x000007fecdefc000 	C:\Xilinx\Vivado\2016.3\lib\win64.o\librdi_wavedata_SimpleApi.dll
0x000007fecdc70000 - 0x000007fecdeb9000 	C:\Xilinx\Vivado\2016.3\lib\win64.o\librdi_guitools.dll
0x000007fecc1a0000 - 0x000007fecdc63000 	C:\Xilinx\Vivado\2016.3\lib\win64.o\librdi_place.dll
0x000007fecbbe0000 - 0x000007fecc19c000 	C:\Xilinx\Vivado\2016.3\lib\win64.o\librdi_abc_nomp.dll
0x000007fecbbc0000 - 0x000007fecbbd9000 	C:\Xilinx\Vivado\2016.3\lib\win64.o\librdi_hmetis.dll

VM Arguments:
jvm_args: -Dsun.java2d.pmoffscreen=false -Dsun.java2d.d3d=false -Dsun.awt.nopixfmt=true -Xverify:none -Dswing.aatext=true -XX:-UsePerfData -Djdk.map.althashing.threshold=512 -XX:StringTableSize=4072 -XX:NewSize=60m -XX:MaxNewSize=60m -Xms128m -Xmx3072m -Xss5m 
java_command: <unknown>
java_class_path (initial): C:/Xilinx/Vivado/2016.3\lib\classes\alloy.jar;C:/Xilinx/Vivado/2016.3\lib\classes\batik-anim.jar;C:/Xilinx/Vivado/2016.3\lib\classes\batik-awt-util.jar;C:/Xilinx/Vivado/2016.3\lib\classes\batik-bridge.jar;C:/Xilinx/Vivado/2016.3\lib\classes\batik-codec.jar;C:/Xilinx/Vivado/2016.3\lib\classes\batik-css.jar;C:/Xilinx/Vivado/2016.3\lib\classes\batik-dom.jar;C:/Xilinx/Vivado/2016.3\lib\classes\batik-ext.jar;C:/Xilinx/Vivado/2016.3\lib\classes\batik-gui-util.jar;C:/Xilinx/Vivado/2016.3\lib\classes\batik-gvt.jar;C:/Xilinx/Vivado/2016.3\lib\classes\batik-parser.jar;C:/Xilinx/Vivado/2016.3\lib\classes\batik-script.jar;C:/Xilinx/Vivado/2016.3\lib\classes\batik-svg-dom.jar;C:/Xilinx/Vivado/2016.3\lib\classes\batik-swing.jar;C:/Xilinx/Vivado/2016.3\lib\classes\batik-transcoder.jar;C:/Xilinx/Vivado/2016.3\lib\classes\batik-util.jar;C:/Xilinx/Vivado/2016.3\lib\classes\batik-xml.jar;C:/Xilinx/Vivado/2016.3\lib\classes\commons-math-2.2.jar;C:/Xilinx/Vivado/2016.3\lib\classes\dom4j-1.6.1.jar;C:/Xilinx/Vivado/2016.3\lib\classes\forms.jar;C:/Xilinx/Vivado/2016.3\lib\classes\guava-18.0.jar;C:/Xilinx/Vivado/2016.3\lib\classes\help.jar;C:/Xilinx/Vivado/2016.3\lib\classes\hsqldb.jar;C:/Xilinx/Vivado/2016.3\lib\classes\jh.jar;C:/Xilinx/Vivado/2016.3\lib\classes\jide-action.jar;C:/Xilinx/Vivado/2016.3\lib\classes\jide-charts.jar;C:/Xilinx/Vivado/2016.3\lib\classes\jide-common.jar;C:/Xilinx/Vivado/2016.3\lib\classes\jide-components.jar;C:/Xilinx/Vivado/2016.3\lib\classes\jide-dashboard.jar;C:/Xilinx/Vivado/2016.3\lib\classes\jide-data.jar;C:/Xilinx/Vivado/2016.3\lib\classes\jide-dialogs.jar;C:/Xilinx/Vivado/2016.3\lib\classes\jide-diff.jar;C:/Xilinx/Vivado/2016.3\lib\classes\jide-dock.jar;C:/Xilinx/Vivado/2016.3\lib\classes\jide-editor.jar;C:/Xilinx/Vivado/2016.3\lib\classes\jide-gantt.jar;C:/Xilinx/Vivado/2016.3\lib\classes\jide-grids.jar;C:/Xilinx/Vivado/2016.3\lib\classes\jide-pivot.jar;C:/Xilinx/Vivado/2016.3\lib\classes\jide-plaf-jdk7.jar;C:/Xilinx/Vivado/2
Launcher Type: generic

Environment Variables:
PATH=C:/Xilinx/Vivado/2016.3/bin;C:/Xilinx/Vivado/2016.3/lib/win64.o;C:/Xilinx/Vivado/2016.3/tps/win64/jre/bin/server;C:/Xilinx/Vivado/2016.3/tps/win64/jre/bin;C:/Xilinx/Vivado/2016.3/ids_lite/ISE/bin/nt64;C:/Xilinx/Vivado/2016.3/ids_lite/ISE/lib/nt64;C:/Xilinx/Vivado_HLS/2016.3/bin;C:\Windows\system32;C:\Windows;C:\Windows\System32\Wbem;C:\Windows\System32\WindowsPowerShell\v1.0\;C:\Windows\system32\config\systemprofile\.dnx\bin;C:\Program Files\Microsoft DNX\Dnvm\;C:\Program Files (x86)\Windows Kits\8.1\Windows Performance Toolkit\;E:\quartus\modelsim_ase\win32aloem
USERNAME=Administrator
OS=Windows_NT
PROCESSOR_IDENTIFIER=Intel64 Family 6 Model 61 Stepping 4, GenuineIntel



---------------  S Y S T E M  ---------------

OS: Windows 7 , 64 bit Build 7601 (6.1.7601.18798)

CPU:total 4 (2 cores per cpu, 2 threads per core) family 6 model 61 stepping 4, cmov, cx8, fxsr, mmx, sse, sse2, sse3, ssse3, sse4.1, sse4.2, popcnt, avx, avx2, aes, clmul, erms, 3dnowpref, lzcnt, ht, tsc, tscinvbit, bmi1, bmi2, adx

Memory: 4k page, physical 4103472k(1567124k free), swap 8205092k(3954256k free)

vm_info: Java HotSpot(TM) 64-Bit Server VM (25.66-b18) for windows-amd64 JRE (1.8.0_66-b18), built on Nov  9 2015 10:51:13 by "java_re" with MS VC++ 10.0 (VS2010)

time: Mon Dec 19 23:24:56 2016
elapsed time: 4800 seconds (0d 1h 20m 0s)

