#-----------------------------------------------------------
# Vivado v2016.3 (64-bit)
# SW Build 1682563 on Mon Oct 10 19:07:27 MDT 2016
# IP Build 1681267 on Mon Oct 10 21:28:31 MDT 2016
# Start of session at: Tue Apr 18 21:18:49 2017
# Process ID: 8276
# Current directory: E:/vivado_homework/electronic clock
# Command line: vivado.exe -gui_launcher_event rodinguilauncherevent6792 E:\vivado_homework\electronic clock\counter.xpr
# Log file: E:/vivado_homework/electronic clock/vivado.log
# Journal file: E:/vivado_homework/electronic clock\vivado.jou
#-----------------------------------------------------------
start_gui
open_project {E:/vivado_homework/electronic clock/counter.xpr}
Scanning sources...
Finished scanning sources
WARNING: [filemgmt 56-3] IP Output Repository Path: Could not find the directory 'E:/vivado_homework/electronic clock/counter.cache/ip'.
INFO: [IP_Flow 19-234] Refreshing IP repositories
INFO: [IP_Flow 19-1704] No user IP repositories specified
INFO: [IP_Flow 19-2313] Loaded Vivado IP repository 'C:/Xilinx/Vivado/2016.3/data/ip'.
open_project: Time (s): cpu = 00:00:16 ; elapsed = 00:00:32 . Memory (MB): peak = 743.301 ; gain = 118.301
exit
INFO: [Common 17-206] Exiting Vivado at Tue Apr 18 21:21:16 2017...
