#-----------------------------------------------------------
# Vivado v2016.3 (64-bit)
# SW Build 1682563 on Mon Oct 10 19:07:27 MDT 2016
# IP Build 1681267 on Mon Oct 10 21:28:31 MDT 2016
# Start of session at: Sun Dec 25 15:02:33 2016
# Process ID: 5148
# Current directory: C:/Users/Administrator/Desktop/electronic clock
# Command line: vivado.exe -gui_launcher_event rodinguilauncherevent5048 C:\Users\Administrator\Desktop\electronic clock\counter.xpr
# Log file: C:/Users/Administrator/Desktop/electronic clock/vivado.log
# Journal file: C:/Users/Administrator/Desktop/electronic clock\vivado.jou
#-----------------------------------------------------------
start_gui
open_project {C:/Users/Administrator/Desktop/electronic clock/counter.xpr}
INFO: [Project 1-313] Project file moved from 'E:/学习/大二上学期/数字系统设计/vivado开发/实验课project电子钟设计/电子钟' since last save.
Scanning sources...
Finished scanning sources
WARNING: [filemgmt 56-2] IP Output Repository Path: Could not find the directory 'C:/Users/Administrator/Desktop/electronic clock/counter.cache/ip', nor could it be found using path 'E:/学习/大二上学期/数字系统设计/vivado开发/实验课project电子钟设计/电子钟/counter.cache/ip'.
INFO: [IP_Flow 19-234] Refreshing IP repositories
INFO: [IP_Flow 19-1704] No user IP repositories specified
INFO: [IP_Flow 19-2313] Loaded Vivado IP repository 'C:/Xilinx/Vivado/2016.3/data/ip'.
open_project: Time (s): cpu = 00:00:10 ; elapsed = 00:00:05 . Memory (MB): peak = 746.711 ; gain = 76.195
reset_run synth_1
launch_runs synth_1 -jobs 2
INFO: [HDL 9-2216] Analyzing Verilog file "C:/Users/Administrator/Desktop/electronic clock/counter.srcs/sources_1/new/counter.v" into library work [C:/Users/Administrator/Desktop/electronic clock/counter.srcs/sources_1/new/counter.v:1]
[Sun Dec 25 15:03:05 2016] Launched synth_1...
Run output will be captured here: C:/Users/Administrator/Desktop/electronic clock/counter.runs/synth_1/runme.log
launch_runs: Time (s): cpu = 00:00:02 ; elapsed = 00:00:07 . Memory (MB): peak = 757.219 ; gain = 0.000
launch_runs impl_1 -jobs 2
[Sun Dec 25 15:04:02 2016] Launched impl_1...
Run output will be captured here: C:/Users/Administrator/Desktop/electronic clock/counter.runs/impl_1/runme.log
exit
INFO: [Common 17-206] Exiting Vivado at Sun Dec 25 15:05:39 2016...
