
*** Running vivado
    with args -log SCPU.vds -m64 -product Vivado -mode batch -messageDb vivado.pb -notrace -source SCPU.tcl


****** Vivado v2016.3 (64-bit)
  **** SW Build 1682563 on Mon Oct 10 19:07:27 MDT 2016
  **** IP Build 1681267 on Mon Oct 10 21:28:31 MDT 2016
    ** Copyright 1986-2016 Xilinx, Inc. All Rights Reserved.

source SCPU.tcl -notrace
Command: synth_design -top SCPU -part xc7a35tcpg236-1
Starting synth_design
Attempting to get a license for feature 'Synthesis' and/or device 'xc7a35t'
INFO: [Common 17-349] Got license for feature 'Synthesis' and/or device 'xc7a35t'
INFO: Launching helper process for spawning children vivado processes
INFO: Helper process launched with PID 11944 
---------------------------------------------------------------------------------
Starting Synthesize : Time (s): cpu = 00:00:07 ; elapsed = 00:00:10 . Memory (MB): peak = 284.238 ; gain = 73.336
---------------------------------------------------------------------------------
INFO: [Synth 8-638] synthesizing module 'SCPU' [E:/vivado_homework/SCPU/project_1/project_1.srcs/sources_1/new/SCPU.v:23]
INFO: [Synth 8-638] synthesizing module 'PC' [E:/vivado_homework/SCPU/project_1/project_1.srcs/sources_1/new/PC.v:23]
INFO: [Synth 8-256] done synthesizing module 'PC' (1#1) [E:/vivado_homework/SCPU/project_1/project_1.srcs/sources_1/new/PC.v:23]
INFO: [Synth 8-638] synthesizing module 'instructionMemory' [E:/vivado_homework/SCPU/project_1/project_1.srcs/sources_1/new/instructionMemory.v:23]
CRITICAL WARNING: [Synth 8-4445] could not open $readmem data file 'E:/vivado_homework/SCPU1/instruction.txt'; please make sure the file is added to project and has read permission, ignoring [E:/vivado_homework/SCPU/project_1/project_1.srcs/sources_1/new/instructionMemory.v:32]

Warning: Trying to implement RAM in registers. Block RAM or DRAM implementation is not possible for one or more of the following reasons :
	1: Unable to determine number of words or word size in RAM. 
	2: No valid read/write found for RAM. 
RAM dissolved into registers
WARNING: [Synth 8-3848] Net insMemory in module/entity instructionMemory does not have driver. [E:/vivado_homework/SCPU/project_1/project_1.srcs/sources_1/new/instructionMemory.v:29]
WARNING: [Synth 8-3848] Net insMemory in module/entity instructionMemory does not have driver. [E:/vivado_homework/SCPU/project_1/project_1.srcs/sources_1/new/instructionMemory.v:29]
WARNING: [Synth 8-3848] Net insMemory in module/entity instructionMemory does not have driver. [E:/vivado_homework/SCPU/project_1/project_1.srcs/sources_1/new/instructionMemory.v:29]
WARNING: [Synth 8-3848] Net insMemory in module/entity instructionMemory does not have driver. [E:/vivado_homework/SCPU/project_1/project_1.srcs/sources_1/new/instructionMemory.v:29]
WARNING: [Synth 8-3848] Net insMemory in module/entity instructionMemory does not have driver. [E:/vivado_homework/SCPU/project_1/project_1.srcs/sources_1/new/instructionMemory.v:29]
WARNING: [Synth 8-3848] Net insMemory in module/entity instructionMemory does not have driver. [E:/vivado_homework/SCPU/project_1/project_1.srcs/sources_1/new/instructionMemory.v:29]
WARNING: [Synth 8-3848] Net insMemory in module/entity instructionMemory does not have driver. [E:/vivado_homework/SCPU/project_1/project_1.srcs/sources_1/new/instructionMemory.v:29]
WARNING: [Synth 8-3848] Net insMemory in module/entity instructionMemory does not have driver. [E:/vivado_homework/SCPU/project_1/project_1.srcs/sources_1/new/instructionMemory.v:29]
WARNING: [Synth 8-3848] Net insMemory in module/entity instructionMemory does not have driver. [E:/vivado_homework/SCPU/project_1/project_1.srcs/sources_1/new/instructionMemory.v:29]
WARNING: [Synth 8-3848] Net insMemory in module/entity instructionMemory does not have driver. [E:/vivado_homework/SCPU/project_1/project_1.srcs/sources_1/new/instructionMemory.v:29]
WARNING: [Synth 8-3848] Net insMemory in module/entity instructionMemory does not have driver. [E:/vivado_homework/SCPU/project_1/project_1.srcs/sources_1/new/instructionMemory.v:29]
WARNING: [Synth 8-3848] Net insMemory in module/entity instructionMemory does not have driver. [E:/vivado_homework/SCPU/project_1/project_1.srcs/sources_1/new/instructionMemory.v:29]
WARNING: [Synth 8-3848] Net insMemory in module/entity instructionMemory does not have driver. [E:/vivado_homework/SCPU/project_1/project_1.srcs/sources_1/new/instructionMemory.v:29]
WARNING: [Synth 8-3848] Net insMemory in module/entity instructionMemory does not have driver. [E:/vivado_homework/SCPU/project_1/project_1.srcs/sources_1/new/instructionMemory.v:29]
WARNING: [Synth 8-3848] Net insMemory in module/entity instructionMemory does not have driver. [E:/vivado_homework/SCPU/project_1/project_1.srcs/sources_1/new/instructionMemory.v:29]
WARNING: [Synth 8-3848] Net insMemory in module/entity instructionMemory does not have driver. [E:/vivado_homework/SCPU/project_1/project_1.srcs/sources_1/new/instructionMemory.v:29]
WARNING: [Synth 8-3848] Net insMemory in module/entity instructionMemory does not have driver. [E:/vivado_homework/SCPU/project_1/project_1.srcs/sources_1/new/instructionMemory.v:29]
WARNING: [Synth 8-3848] Net insMemory in module/entity instructionMemory does not have driver. [E:/vivado_homework/SCPU/project_1/project_1.srcs/sources_1/new/instructionMemory.v:29]
WARNING: [Synth 8-3848] Net insMemory in module/entity instructionMemory does not have driver. [E:/vivado_homework/SCPU/project_1/project_1.srcs/sources_1/new/instructionMemory.v:29]
WARNING: [Synth 8-3848] Net insMemory in module/entity instructionMemory does not have driver. [E:/vivado_homework/SCPU/project_1/project_1.srcs/sources_1/new/instructionMemory.v:29]
WARNING: [Synth 8-3848] Net insMemory in module/entity instructionMemory does not have driver. [E:/vivado_homework/SCPU/project_1/project_1.srcs/sources_1/new/instructionMemory.v:29]
WARNING: [Synth 8-3848] Net insMemory in module/entity instructionMemory does not have driver. [E:/vivado_homework/SCPU/project_1/project_1.srcs/sources_1/new/instructionMemory.v:29]
WARNING: [Synth 8-3848] Net insMemory in module/entity instructionMemory does not have driver. [E:/vivado_homework/SCPU/project_1/project_1.srcs/sources_1/new/instructionMemory.v:29]
WARNING: [Synth 8-3848] Net insMemory in module/entity instructionMemory does not have driver. [E:/vivado_homework/SCPU/project_1/project_1.srcs/sources_1/new/instructionMemory.v:29]
WARNING: [Synth 8-3848] Net insMemory in module/entity instructionMemory does not have driver. [E:/vivado_homework/SCPU/project_1/project_1.srcs/sources_1/new/instructionMemory.v:29]
WARNING: [Synth 8-3848] Net insMemory in module/entity instructionMemory does not have driver. [E:/vivado_homework/SCPU/project_1/project_1.srcs/sources_1/new/instructionMemory.v:29]
WARNING: [Synth 8-3848] Net insMemory in module/entity instructionMemory does not have driver. [E:/vivado_homework/SCPU/project_1/project_1.srcs/sources_1/new/instructionMemory.v:29]
WARNING: [Synth 8-3848] Net insMemory in module/entity instructionMemory does not have driver. [E:/vivado_homework/SCPU/project_1/project_1.srcs/sources_1/new/instructionMemory.v:29]
WARNING: [Synth 8-3848] Net insMemory in module/entity instructionMemory does not have driver. [E:/vivado_homework/SCPU/project_1/project_1.srcs/sources_1/new/instructionMemory.v:29]
WARNING: [Synth 8-3848] Net insMemory in module/entity instructionMemory does not have driver. [E:/vivado_homework/SCPU/project_1/project_1.srcs/sources_1/new/instructionMemory.v:29]
WARNING: [Synth 8-3848] Net insMemory in module/entity instructionMemory does not have driver. [E:/vivado_homework/SCPU/project_1/project_1.srcs/sources_1/new/instructionMemory.v:29]
WARNING: [Synth 8-3848] Net insMemory in module/entity instructionMemory does not have driver. [E:/vivado_homework/SCPU/project_1/project_1.srcs/sources_1/new/instructionMemory.v:29]
WARNING: [Synth 8-3848] Net insMemory in module/entity instructionMemory does not have driver. [E:/vivado_homework/SCPU/project_1/project_1.srcs/sources_1/new/instructionMemory.v:29]
WARNING: [Synth 8-3848] Net insMemory in module/entity instructionMemory does not have driver. [E:/vivado_homework/SCPU/project_1/project_1.srcs/sources_1/new/instructionMemory.v:29]
WARNING: [Synth 8-3848] Net insMemory in module/entity instructionMemory does not have driver. [E:/vivado_homework/SCPU/project_1/project_1.srcs/sources_1/new/instructionMemory.v:29]
WARNING: [Synth 8-3848] Net insMemory in module/entity instructionMemory does not have driver. [E:/vivado_homework/SCPU/project_1/project_1.srcs/sources_1/new/instructionMemory.v:29]
WARNING: [Synth 8-3848] Net insMemory in module/entity instructionMemory does not have driver. [E:/vivado_homework/SCPU/project_1/project_1.srcs/sources_1/new/instructionMemory.v:29]
WARNING: [Synth 8-3848] Net insMemory in module/entity instructionMemory does not have driver. [E:/vivado_homework/SCPU/project_1/project_1.srcs/sources_1/new/instructionMemory.v:29]
WARNING: [Synth 8-3848] Net insMemory in module/entity instructionMemory does not have driver. [E:/vivado_homework/SCPU/project_1/project_1.srcs/sources_1/new/instructionMemory.v:29]
WARNING: [Synth 8-3848] Net insMemory in module/entity instructionMemory does not have driver. [E:/vivado_homework/SCPU/project_1/project_1.srcs/sources_1/new/instructionMemory.v:29]
WARNING: [Synth 8-3848] Net insMemory in module/entity instructionMemory does not have driver. [E:/vivado_homework/SCPU/project_1/project_1.srcs/sources_1/new/instructionMemory.v:29]
WARNING: [Synth 8-3848] Net insMemory in module/entity instructionMemory does not have driver. [E:/vivado_homework/SCPU/project_1/project_1.srcs/sources_1/new/instructionMemory.v:29]
WARNING: [Synth 8-3848] Net insMemory in module/entity instructionMemory does not have driver. [E:/vivado_homework/SCPU/project_1/project_1.srcs/sources_1/new/instructionMemory.v:29]
WARNING: [Synth 8-3848] Net insMemory in module/entity instructionMemory does not have driver. [E:/vivado_homework/SCPU/project_1/project_1.srcs/sources_1/new/instructionMemory.v:29]
WARNING: [Synth 8-3848] Net insMemory in module/entity instructionMemory does not have driver. [E:/vivado_homework/SCPU/project_1/project_1.srcs/sources_1/new/instructionMemory.v:29]
WARNING: [Synth 8-3848] Net insMemory in module/entity instructionMemory does not have driver. [E:/vivado_homework/SCPU/project_1/project_1.srcs/sources_1/new/instructionMemory.v:29]
WARNING: [Synth 8-3848] Net insMemory in module/entity instructionMemory does not have driver. [E:/vivado_homework/SCPU/project_1/project_1.srcs/sources_1/new/instructionMemory.v:29]
WARNING: [Synth 8-3848] Net insMemory in module/entity instructionMemory does not have driver. [E:/vivado_homework/SCPU/project_1/project_1.srcs/sources_1/new/instructionMemory.v:29]
WARNING: [Synth 8-3848] Net insMemory in module/entity instructionMemory does not have driver. [E:/vivado_homework/SCPU/project_1/project_1.srcs/sources_1/new/instructionMemory.v:29]
WARNING: [Synth 8-3848] Net insMemory in module/entity instructionMemory does not have driver. [E:/vivado_homework/SCPU/project_1/project_1.srcs/sources_1/new/instructionMemory.v:29]
WARNING: [Synth 8-3848] Net insMemory in module/entity instructionMemory does not have driver. [E:/vivado_homework/SCPU/project_1/project_1.srcs/sources_1/new/instructionMemory.v:29]
WARNING: [Synth 8-3848] Net insMemory in module/entity instructionMemory does not have driver. [E:/vivado_homework/SCPU/project_1/project_1.srcs/sources_1/new/instructionMemory.v:29]
WARNING: [Synth 8-3848] Net insMemory in module/entity instructionMemory does not have driver. [E:/vivado_homework/SCPU/project_1/project_1.srcs/sources_1/new/instructionMemory.v:29]
WARNING: [Synth 8-3848] Net insMemory in module/entity instructionMemory does not have driver. [E:/vivado_homework/SCPU/project_1/project_1.srcs/sources_1/new/instructionMemory.v:29]
WARNING: [Synth 8-3848] Net insMemory in module/entity instructionMemory does not have driver. [E:/vivado_homework/SCPU/project_1/project_1.srcs/sources_1/new/instructionMemory.v:29]
WARNING: [Synth 8-3848] Net insMemory in module/entity instructionMemory does not have driver. [E:/vivado_homework/SCPU/project_1/project_1.srcs/sources_1/new/instructionMemory.v:29]
WARNING: [Synth 8-3848] Net insMemory in module/entity instructionMemory does not have driver. [E:/vivado_homework/SCPU/project_1/project_1.srcs/sources_1/new/instructionMemory.v:29]
WARNING: [Synth 8-3848] Net insMemory in module/entity instructionMemory does not have driver. [E:/vivado_homework/SCPU/project_1/project_1.srcs/sources_1/new/instructionMemory.v:29]
WARNING: [Synth 8-3848] Net insMemory in module/entity instructionMemory does not have driver. [E:/vivado_homework/SCPU/project_1/project_1.srcs/sources_1/new/instructionMemory.v:29]
WARNING: [Synth 8-3848] Net insMemory in module/entity instructionMemory does not have driver. [E:/vivado_homework/SCPU/project_1/project_1.srcs/sources_1/new/instructionMemory.v:29]
WARNING: [Synth 8-3848] Net insMemory in module/entity instructionMemory does not have driver. [E:/vivado_homework/SCPU/project_1/project_1.srcs/sources_1/new/instructionMemory.v:29]
WARNING: [Synth 8-3848] Net insMemory in module/entity instructionMemory does not have driver. [E:/vivado_homework/SCPU/project_1/project_1.srcs/sources_1/new/instructionMemory.v:29]
WARNING: [Synth 8-3848] Net insMemory in module/entity instructionMemory does not have driver. [E:/vivado_homework/SCPU/project_1/project_1.srcs/sources_1/new/instructionMemory.v:29]
WARNING: [Synth 8-3848] Net insMemory in module/entity instructionMemory does not have driver. [E:/vivado_homework/SCPU/project_1/project_1.srcs/sources_1/new/instructionMemory.v:29]
WARNING: [Synth 8-3848] Net insMemory in module/entity instructionMemory does not have driver. [E:/vivado_homework/SCPU/project_1/project_1.srcs/sources_1/new/instructionMemory.v:29]
WARNING: [Synth 8-3848] Net insMemory in module/entity instructionMemory does not have driver. [E:/vivado_homework/SCPU/project_1/project_1.srcs/sources_1/new/instructionMemory.v:29]
WARNING: [Synth 8-3848] Net insMemory in module/entity instructionMemory does not have driver. [E:/vivado_homework/SCPU/project_1/project_1.srcs/sources_1/new/instructionMemory.v:29]
WARNING: [Synth 8-3848] Net insMemory in module/entity instructionMemory does not have driver. [E:/vivado_homework/SCPU/project_1/project_1.srcs/sources_1/new/instructionMemory.v:29]
WARNING: [Synth 8-3848] Net insMemory in module/entity instructionMemory does not have driver. [E:/vivado_homework/SCPU/project_1/project_1.srcs/sources_1/new/instructionMemory.v:29]
WARNING: [Synth 8-3848] Net insMemory in module/entity instructionMemory does not have driver. [E:/vivado_homework/SCPU/project_1/project_1.srcs/sources_1/new/instructionMemory.v:29]
WARNING: [Synth 8-3848] Net insMemory in module/entity instructionMemory does not have driver. [E:/vivado_homework/SCPU/project_1/project_1.srcs/sources_1/new/instructionMemory.v:29]
WARNING: [Synth 8-3848] Net insMemory in module/entity instructionMemory does not have driver. [E:/vivado_homework/SCPU/project_1/project_1.srcs/sources_1/new/instructionMemory.v:29]
WARNING: [Synth 8-3848] Net insMemory in module/entity instructionMemory does not have driver. [E:/vivado_homework/SCPU/project_1/project_1.srcs/sources_1/new/instructionMemory.v:29]
WARNING: [Synth 8-3848] Net insMemory in module/entity instructionMemory does not have driver. [E:/vivado_homework/SCPU/project_1/project_1.srcs/sources_1/new/instructionMemory.v:29]
WARNING: [Synth 8-3848] Net insMemory in module/entity instructionMemory does not have driver. [E:/vivado_homework/SCPU/project_1/project_1.srcs/sources_1/new/instructionMemory.v:29]
WARNING: [Synth 8-3848] Net insMemory in module/entity instructionMemory does not have driver. [E:/vivado_homework/SCPU/project_1/project_1.srcs/sources_1/new/instructionMemory.v:29]
WARNING: [Synth 8-3848] Net insMemory in module/entity instructionMemory does not have driver. [E:/vivado_homework/SCPU/project_1/project_1.srcs/sources_1/new/instructionMemory.v:29]
WARNING: [Synth 8-3848] Net insMemory in module/entity instructionMemory does not have driver. [E:/vivado_homework/SCPU/project_1/project_1.srcs/sources_1/new/instructionMemory.v:29]
WARNING: [Synth 8-3848] Net insMemory in module/entity instructionMemory does not have driver. [E:/vivado_homework/SCPU/project_1/project_1.srcs/sources_1/new/instructionMemory.v:29]
WARNING: [Synth 8-3848] Net insMemory in module/entity instructionMemory does not have driver. [E:/vivado_homework/SCPU/project_1/project_1.srcs/sources_1/new/instructionMemory.v:29]
WARNING: [Synth 8-3848] Net insMemory in module/entity instructionMemory does not have driver. [E:/vivado_homework/SCPU/project_1/project_1.srcs/sources_1/new/instructionMemory.v:29]
WARNING: [Synth 8-3848] Net insMemory in module/entity instructionMemory does not have driver. [E:/vivado_homework/SCPU/project_1/project_1.srcs/sources_1/new/instructionMemory.v:29]
WARNING: [Synth 8-3848] Net insMemory in module/entity instructionMemory does not have driver. [E:/vivado_homework/SCPU/project_1/project_1.srcs/sources_1/new/instructionMemory.v:29]
WARNING: [Synth 8-3848] Net insMemory in module/entity instructionMemory does not have driver. [E:/vivado_homework/SCPU/project_1/project_1.srcs/sources_1/new/instructionMemory.v:29]
WARNING: [Synth 8-3848] Net insMemory in module/entity instructionMemory does not have driver. [E:/vivado_homework/SCPU/project_1/project_1.srcs/sources_1/new/instructionMemory.v:29]
WARNING: [Synth 8-3848] Net insMemory in module/entity instructionMemory does not have driver. [E:/vivado_homework/SCPU/project_1/project_1.srcs/sources_1/new/instructionMemory.v:29]
WARNING: [Synth 8-3848] Net insMemory in module/entity instructionMemory does not have driver. [E:/vivado_homework/SCPU/project_1/project_1.srcs/sources_1/new/instructionMemory.v:29]
WARNING: [Synth 8-3848] Net insMemory in module/entity instructionMemory does not have driver. [E:/vivado_homework/SCPU/project_1/project_1.srcs/sources_1/new/instructionMemory.v:29]
WARNING: [Synth 8-3848] Net insMemory in module/entity instructionMemory does not have driver. [E:/vivado_homework/SCPU/project_1/project_1.srcs/sources_1/new/instructionMemory.v:29]
WARNING: [Synth 8-3848] Net insMemory in module/entity instructionMemory does not have driver. [E:/vivado_homework/SCPU/project_1/project_1.srcs/sources_1/new/instructionMemory.v:29]
WARNING: [Synth 8-3848] Net insMemory in module/entity instructionMemory does not have driver. [E:/vivado_homework/SCPU/project_1/project_1.srcs/sources_1/new/instructionMemory.v:29]
WARNING: [Synth 8-3848] Net insMemory in module/entity instructionMemory does not have driver. [E:/vivado_homework/SCPU/project_1/project_1.srcs/sources_1/new/instructionMemory.v:29]
WARNING: [Synth 8-3848] Net insMemory in module/entity instructionMemory does not have driver. [E:/vivado_homework/SCPU/project_1/project_1.srcs/sources_1/new/instructionMemory.v:29]
WARNING: [Synth 8-3848] Net insMemory in module/entity instructionMemory does not have driver. [E:/vivado_homework/SCPU/project_1/project_1.srcs/sources_1/new/instructionMemory.v:29]
WARNING: [Synth 8-3848] Net insMemory in module/entity instructionMemory does not have driver. [E:/vivado_homework/SCPU/project_1/project_1.srcs/sources_1/new/instructionMemory.v:29]
WARNING: [Synth 8-3848] Net insMemory in module/entity instructionMemory does not have driver. [E:/vivado_homework/SCPU/project_1/project_1.srcs/sources_1/new/instructionMemory.v:29]
WARNING: [Synth 8-3848] Net insMemory in module/entity instructionMemory does not have driver. [E:/vivado_homework/SCPU/project_1/project_1.srcs/sources_1/new/instructionMemory.v:29]
WARNING: [Synth 8-3848] Net insMemory in module/entity instructionMemory does not have driver. [E:/vivado_homework/SCPU/project_1/project_1.srcs/sources_1/new/instructionMemory.v:29]
WARNING: [Synth 8-3848] Net insMemory in module/entity instructionMemory does not have driver. [E:/vivado_homework/SCPU/project_1/project_1.srcs/sources_1/new/instructionMemory.v:29]
WARNING: [Synth 8-3848] Net insMemory in module/entity instructionMemory does not have driver. [E:/vivado_homework/SCPU/project_1/project_1.srcs/sources_1/new/instructionMemory.v:29]
INFO: [Common 17-14] Message 'Synth 8-3848' appears 100 times and further instances of the messages will be disabled. Use the Tcl command set_msg_config to change the current settings.
INFO: [Synth 8-256] done synthesizing module 'instructionMemory' (2#1) [E:/vivado_homework/SCPU/project_1/project_1.srcs/sources_1/new/instructionMemory.v:23]
INFO: [Synth 8-638] synthesizing module 'control_unit' [E:/vivado_homework/SCPU/project_1/project_1.srcs/sources_1/new/control_unit.v:23]
INFO: [Synth 8-256] done synthesizing module 'control_unit' (3#1) [E:/vivado_homework/SCPU/project_1/project_1.srcs/sources_1/new/control_unit.v:23]
INFO: [Synth 8-638] synthesizing module 'Mux_RegDst' [E:/vivado_homework/SCPU/project_1/project_1.srcs/sources_1/new/Mux_RegDst.v:23]
INFO: [Synth 8-256] done synthesizing module 'Mux_RegDst' (4#1) [E:/vivado_homework/SCPU/project_1/project_1.srcs/sources_1/new/Mux_RegDst.v:23]
INFO: [Synth 8-638] synthesizing module 'Mux_signExtend' [E:/vivado_homework/SCPU/project_1/project_1.srcs/sources_1/new/Mux_signExtend.v:23]
INFO: [Synth 8-256] done synthesizing module 'Mux_signExtend' (5#1) [E:/vivado_homework/SCPU/project_1/project_1.srcs/sources_1/new/Mux_signExtend.v:23]
INFO: [Synth 8-638] synthesizing module 'Register' [E:/vivado_homework/SCPU/project_1/project_1.srcs/sources_1/new/Register.v:23]
INFO: [Synth 8-256] done synthesizing module 'Register' (6#1) [E:/vivado_homework/SCPU/project_1/project_1.srcs/sources_1/new/Register.v:23]
INFO: [Synth 8-638] synthesizing module 'Mux_ALUSrc' [E:/vivado_homework/SCPU/project_1/project_1.srcs/sources_1/new/Mux_ALUSrc.v:23]
INFO: [Synth 8-256] done synthesizing module 'Mux_ALUSrc' (7#1) [E:/vivado_homework/SCPU/project_1/project_1.srcs/sources_1/new/Mux_ALUSrc.v:23]
INFO: [Synth 8-638] synthesizing module 'ALU' [E:/vivado_homework/SCPU/project_1/project_1.srcs/sources_1/new/ALU.v:23]
INFO: [Synth 8-226] default block is never used [E:/vivado_homework/SCPU/project_1/project_1.srcs/sources_1/new/ALU.v:36]
INFO: [Synth 8-256] done synthesizing module 'ALU' (8#1) [E:/vivado_homework/SCPU/project_1/project_1.srcs/sources_1/new/ALU.v:23]
INFO: [Synth 8-638] synthesizing module 'DataMemory' [E:/vivado_homework/SCPU/project_1/project_1.srcs/sources_1/new/DataMemory.v:23]
WARNING: [Synth 8-4767] Trying to implement RAM 'data_reg' in registers. Block RAM or DRAM implementation is not possible; see log for reasons.
Reason is one or more of the following :
	1: RAM has multiple writes via different ports in same process. If RAM inferencing intended, write to one port per process. 
	2: Unable to determine number of words or word size in RAM. 
	3: No valid read/write found for RAM. 
RAM "data_reg" dissolved into registers
INFO: [Synth 8-256] done synthesizing module 'DataMemory' (9#1) [E:/vivado_homework/SCPU/project_1/project_1.srcs/sources_1/new/DataMemory.v:23]
INFO: [Synth 8-638] synthesizing module 'Mux_ALU_memory_to_reg' [E:/vivado_homework/SCPU/project_1/project_1.srcs/sources_1/new/ALU_mem_to_reg.v:23]
INFO: [Synth 8-256] done synthesizing module 'Mux_ALU_memory_to_reg' (10#1) [E:/vivado_homework/SCPU/project_1/project_1.srcs/sources_1/new/ALU_mem_to_reg.v:23]
INFO: [Synth 8-638] synthesizing module 'addr_shift' [E:/vivado_homework/SCPU/project_1/project_1.srcs/sources_1/new/addr_shift.v:23]
INFO: [Synth 8-256] done synthesizing module 'addr_shift' (11#1) [E:/vivado_homework/SCPU/project_1/project_1.srcs/sources_1/new/addr_shift.v:23]
INFO: [Synth 8-638] synthesizing module 'Mux_PCSrc' [E:/vivado_homework/SCPU/project_1/project_1.srcs/sources_1/new/Mux_PCSrc.v:23]
INFO: [Synth 8-256] done synthesizing module 'Mux_PCSrc' (12#1) [E:/vivado_homework/SCPU/project_1/project_1.srcs/sources_1/new/Mux_PCSrc.v:23]
INFO: [Synth 8-256] done synthesizing module 'SCPU' (13#1) [E:/vivado_homework/SCPU/project_1/project_1.srcs/sources_1/new/SCPU.v:23]
---------------------------------------------------------------------------------
Finished Synthesize : Time (s): cpu = 00:00:10 ; elapsed = 00:00:14 . Memory (MB): peak = 362.027 ; gain = 151.125
---------------------------------------------------------------------------------
---------------------------------------------------------------------------------
Finished Constraint Validation : Time (s): cpu = 00:00:11 ; elapsed = 00:00:15 . Memory (MB): peak = 362.027 ; gain = 151.125
---------------------------------------------------------------------------------
---------------------------------------------------------------------------------
Start Loading Part and Timing Information
---------------------------------------------------------------------------------
Loading part: xc7a35tcpg236-1
---------------------------------------------------------------------------------
Finished Loading Part and Timing Information : Time (s): cpu = 00:00:11 ; elapsed = 00:00:15 . Memory (MB): peak = 362.027 ; gain = 151.125
---------------------------------------------------------------------------------
INFO: [Device 21-403] Loading part xc7a35tcpg236-1
INFO: [Synth 8-5587] ROM size for "RegDst" is below threshold of ROM address width. It will be mapped to LUTs
INFO: [Synth 8-5546] ROM "RegWre" won't be mapped to RAM because it is too sparse
INFO: [Synth 8-5587] ROM size for "DBdataSrc" is below threshold of ROM address width. It will be mapped to LUTs
INFO: [Synth 8-5546] ROM "PCWre" won't be mapped to RAM because it is too sparse
INFO: [Synth 8-5587] ROM size for "ExtSel" is below threshold of ROM address width. It will be mapped to LUTs
INFO: [Synth 8-5818] HDL ADVISOR - The operator resource <adder> is shared. To prevent sharing consider applying a KEEP on the output of the operator [E:/vivado_homework/SCPU/project_1/project_1.srcs/sources_1/new/ALU.v:36]
INFO: [Synth 8-5545] ROM "zero" won't be mapped to RAM because address size (32) is larger than maximum supported(25)
WARNING: [Synth 8-327] inferring latch for variable 'instruction_reg' [E:/vivado_homework/SCPU/project_1/project_1.srcs/sources_1/new/instructionMemory.v:37]
WARNING: [Synth 8-327] inferring latch for variable 'RegDst_reg' [E:/vivado_homework/SCPU/project_1/project_1.srcs/sources_1/new/control_unit.v:46]
WARNING: [Synth 8-327] inferring latch for variable 'RegWre_reg' [E:/vivado_homework/SCPU/project_1/project_1.srcs/sources_1/new/control_unit.v:47]
WARNING: [Synth 8-327] inferring latch for variable 'ExtSel_reg' [E:/vivado_homework/SCPU/project_1/project_1.srcs/sources_1/new/control_unit.v:59]
WARNING: [Synth 8-327] inferring latch for variable 'ALUSrcB_reg' [E:/vivado_homework/SCPU/project_1/project_1.srcs/sources_1/new/control_unit.v:48]
WARNING: [Synth 8-327] inferring latch for variable 'ALUop_reg' [E:/vivado_homework/SCPU/project_1/project_1.srcs/sources_1/new/control_unit.v:49]
WARNING: [Synth 8-327] inferring latch for variable 'DBdataSrc_reg' [E:/vivado_homework/SCPU/project_1/project_1.srcs/sources_1/new/control_unit.v:50]
WARNING: [Synth 8-327] inferring latch for variable 'PCSrc_reg' [E:/vivado_homework/SCPU/project_1/project_1.srcs/sources_1/new/control_unit.v:52]
WARNING: [Synth 8-327] inferring latch for variable 'DataMemRW_reg' [E:/vivado_homework/SCPU/project_1/project_1.srcs/sources_1/new/control_unit.v:51]
WARNING: [Synth 8-327] inferring latch for variable 'PCWre_reg' [E:/vivado_homework/SCPU/project_1/project_1.srcs/sources_1/new/control_unit.v:53]
WARNING: [Synth 8-327] inferring latch for variable 'memory_out_reg' [E:/vivado_homework/SCPU/project_1/project_1.srcs/sources_1/new/DataMemory.v:45]
---------------------------------------------------------------------------------
Finished RTL Optimization Phase 2 : Time (s): cpu = 00:00:22 ; elapsed = 00:00:22 . Memory (MB): peak = 470.199 ; gain = 259.297
---------------------------------------------------------------------------------

Report RTL Partitions: 
+-+--------------+------------+----------+
| |RTL Partition |Replication |Instances |
+-+--------------+------------+----------+
+-+--------------+------------+----------+
No constraint files found.
---------------------------------------------------------------------------------
Start RTL Component Statistics 
---------------------------------------------------------------------------------
Detailed RTL Component Info : 
+---Adders : 
	   3 Input     32 Bit       Adders := 2     
	   2 Input      8 Bit       Adders := 6     
+---XORs : 
	   2 Input     32 Bit         XORs := 2     
+---Registers : 
	               32 Bit    Registers := 1     
+---RAMs : 
	             1024 Bit         RAMs := 1     
+---Muxes : 
	   2 Input     32 Bit        Muxes := 6     
	   8 Input     32 Bit        Muxes := 1     
	   2 Input      8 Bit        Muxes := 768   
	   2 Input      5 Bit        Muxes := 1     
	  12 Input      3 Bit        Muxes := 1     
	  12 Input      1 Bit        Muxes := 12    
	   2 Input      1 Bit        Muxes := 1     
	   5 Input      1 Bit        Muxes := 256   
---------------------------------------------------------------------------------
Finished RTL Component Statistics 
---------------------------------------------------------------------------------
---------------------------------------------------------------------------------
Start RTL Hierarchical Component Statistics 
---------------------------------------------------------------------------------
Hierarchical RTL Component report 
Module PC 
Detailed RTL Component Info : 
+---Registers : 
	               32 Bit    Registers := 1     
Module instructionMemory 
Detailed RTL Component Info : 
+---Adders : 
	   2 Input      8 Bit       Adders := 3     
Module control_unit 
Detailed RTL Component Info : 
+---Muxes : 
	  12 Input      3 Bit        Muxes := 1     
	  12 Input      1 Bit        Muxes := 12    
Module Mux_RegDst 
Detailed RTL Component Info : 
+---Muxes : 
	   2 Input      5 Bit        Muxes := 1     
Module Mux_signExtend 
Detailed RTL Component Info : 
+---Muxes : 
	   2 Input     32 Bit        Muxes := 2     
Module Register 
Detailed RTL Component Info : 
+---RAMs : 
	             1024 Bit         RAMs := 1     
Module Mux_ALUSrc 
Detailed RTL Component Info : 
+---Muxes : 
	   2 Input     32 Bit        Muxes := 1     
Module ALU 
Detailed RTL Component Info : 
+---Adders : 
	   3 Input     32 Bit       Adders := 1     
+---XORs : 
	   2 Input     32 Bit         XORs := 2     
+---Muxes : 
	   8 Input     32 Bit        Muxes := 1     
	   2 Input      1 Bit        Muxes := 1     
Module DataMemory 
Detailed RTL Component Info : 
+---Adders : 
	   2 Input      8 Bit       Adders := 3     
+---Muxes : 
	   2 Input      8 Bit        Muxes := 768   
	   5 Input      1 Bit        Muxes := 256   
Module Mux_ALU_memory_to_reg 
Detailed RTL Component Info : 
+---Muxes : 
	   2 Input     32 Bit        Muxes := 1     
Module Mux_PCSrc 
Detailed RTL Component Info : 
+---Adders : 
	   3 Input     32 Bit       Adders := 1     
+---Muxes : 
	   2 Input     32 Bit        Muxes := 2     
---------------------------------------------------------------------------------
Finished RTL Hierarchical Component Statistics
---------------------------------------------------------------------------------
---------------------------------------------------------------------------------
Start Part Resource Summary
---------------------------------------------------------------------------------
Part Resources:
DSPs: 90 (col length:60)
BRAMs: 100 (col length: RAMB18 60 RAMB36 30)
---------------------------------------------------------------------------------
Finished Part Resource Summary
---------------------------------------------------------------------------------
No constraint files found.
---------------------------------------------------------------------------------
Start Cross Boundary and Area Optimization
---------------------------------------------------------------------------------
INFO: [Synth 8-5545] ROM "my_ALU/zero" won't be mapped to RAM because address size (32) is larger than maximum supported(25)
WARNING: [Synth 8-3917] design SCPU has port insMemWR driven by constant 1
WARNING: [Synth 8-3917] design SCPU has port ext_immediate_shift[1] driven by constant 0
WARNING: [Synth 8-3917] design SCPU has port ext_immediate_shift[0] driven by constant 0
WARNING: [Synth 8-3331] design DataMemory has unconnected port data_addr[31]
WARNING: [Synth 8-3331] design DataMemory has unconnected port data_addr[30]
WARNING: [Synth 8-3331] design DataMemory has unconnected port data_addr[29]
WARNING: [Synth 8-3331] design DataMemory has unconnected port data_addr[28]
WARNING: [Synth 8-3331] design DataMemory has unconnected port data_addr[27]
WARNING: [Synth 8-3331] design DataMemory has unconnected port data_addr[26]
WARNING: [Synth 8-3331] design DataMemory has unconnected port data_addr[25]
WARNING: [Synth 8-3331] design DataMemory has unconnected port data_addr[24]
WARNING: [Synth 8-3331] design DataMemory has unconnected port data_addr[23]
WARNING: [Synth 8-3331] design DataMemory has unconnected port data_addr[22]
WARNING: [Synth 8-3331] design DataMemory has unconnected port data_addr[21]
WARNING: [Synth 8-3331] design DataMemory has unconnected port data_addr[20]
WARNING: [Synth 8-3331] design DataMemory has unconnected port data_addr[19]
WARNING: [Synth 8-3331] design DataMemory has unconnected port data_addr[18]
WARNING: [Synth 8-3331] design DataMemory has unconnected port data_addr[17]
WARNING: [Synth 8-3331] design DataMemory has unconnected port data_addr[16]
WARNING: [Synth 8-3331] design DataMemory has unconnected port data_addr[15]
WARNING: [Synth 8-3331] design DataMemory has unconnected port data_addr[14]
WARNING: [Synth 8-3331] design DataMemory has unconnected port data_addr[13]
WARNING: [Synth 8-3331] design DataMemory has unconnected port data_addr[12]
WARNING: [Synth 8-3331] design DataMemory has unconnected port data_addr[11]
WARNING: [Synth 8-3331] design DataMemory has unconnected port data_addr[10]
WARNING: [Synth 8-3331] design DataMemory has unconnected port data_addr[9]
WARNING: [Synth 8-3331] design DataMemory has unconnected port data_addr[8]
WARNING: [Synth 8-3331] design instructionMemory has unconnected port curPC[31]
WARNING: [Synth 8-3331] design instructionMemory has unconnected port curPC[30]
WARNING: [Synth 8-3331] design instructionMemory has unconnected port curPC[29]
WARNING: [Synth 8-3331] design instructionMemory has unconnected port curPC[28]
WARNING: [Synth 8-3331] design instructionMemory has unconnected port curPC[27]
WARNING: [Synth 8-3331] design instructionMemory has unconnected port curPC[26]
WARNING: [Synth 8-3331] design instructionMemory has unconnected port curPC[25]
WARNING: [Synth 8-3331] design instructionMemory has unconnected port curPC[24]
WARNING: [Synth 8-3331] design instructionMemory has unconnected port curPC[23]
WARNING: [Synth 8-3331] design instructionMemory has unconnected port curPC[22]
WARNING: [Synth 8-3331] design instructionMemory has unconnected port curPC[21]
WARNING: [Synth 8-3331] design instructionMemory has unconnected port curPC[20]
WARNING: [Synth 8-3331] design instructionMemory has unconnected port curPC[19]
WARNING: [Synth 8-3331] design instructionMemory has unconnected port curPC[18]
WARNING: [Synth 8-3331] design instructionMemory has unconnected port curPC[17]
WARNING: [Synth 8-3331] design instructionMemory has unconnected port curPC[16]
WARNING: [Synth 8-3331] design instructionMemory has unconnected port curPC[15]
WARNING: [Synth 8-3331] design instructionMemory has unconnected port curPC[14]
WARNING: [Synth 8-3331] design instructionMemory has unconnected port curPC[13]
WARNING: [Synth 8-3331] design instructionMemory has unconnected port curPC[12]
WARNING: [Synth 8-3331] design instructionMemory has unconnected port curPC[11]
WARNING: [Synth 8-3331] design instructionMemory has unconnected port curPC[10]
WARNING: [Synth 8-3331] design instructionMemory has unconnected port curPC[9]
WARNING: [Synth 8-3331] design instructionMemory has unconnected port curPC[8]
INFO: [Synth 8-3333] propagating constant 0 across sequential element (\my_PC/curPC_reg[0] )
INFO: [Synth 8-3333] propagating constant 0 across sequential element (\my_PC/curPC_reg[1] )
INFO: [Synth 8-3333] propagating constant 0 across sequential element (encoding/\instruction_reg[16] )
INFO: [Synth 8-3333] propagating constant 0 across sequential element (encoding/\instruction_reg[17] )
INFO: [Synth 8-3333] propagating constant 0 across sequential element (encoding/\instruction_reg[18] )
INFO: [Synth 8-3333] propagating constant 0 across sequential element (encoding/\instruction_reg[19] )
INFO: [Synth 8-3333] propagating constant 0 across sequential element (encoding/\instruction_reg[20] )
INFO: [Synth 8-3333] propagating constant 0 across sequential element (encoding/\instruction_reg[21] )
INFO: [Synth 8-3333] propagating constant 0 across sequential element (encoding/\instruction_reg[22] )
INFO: [Synth 8-3333] propagating constant 0 across sequential element (encoding/\instruction_reg[23] )
INFO: [Synth 8-3333] propagating constant 0 across sequential element (encoding/\instruction_reg[24] )
INFO: [Synth 8-3333] propagating constant 0 across sequential element (encoding/\instruction_reg[25] )
INFO: [Synth 8-3333] propagating constant 0 across sequential element (encoding/\instruction_reg[26] )
INFO: [Synth 8-3333] propagating constant 0 across sequential element (encoding/\instruction_reg[27] )
INFO: [Synth 8-3333] propagating constant 0 across sequential element (encoding/\instruction_reg[28] )
INFO: [Synth 8-3333] propagating constant 0 across sequential element (encoding/\instruction_reg[29] )
INFO: [Synth 8-3333] propagating constant 0 across sequential element (encoding/\instruction_reg[30] )
INFO: [Synth 8-3333] propagating constant 0 across sequential element (encoding/\instruction_reg[31] )
INFO: [Synth 8-3333] propagating constant 0 across sequential element (encoding/\instruction_reg[15] )
INFO: [Synth 8-3333] propagating constant 0 across sequential element (encoding/\instruction_reg[14] )
INFO: [Synth 8-3333] propagating constant 0 across sequential element (encoding/\instruction_reg[13] )
INFO: [Synth 8-3333] propagating constant 0 across sequential element (encoding/\instruction_reg[12] )
INFO: [Synth 8-3333] propagating constant 0 across sequential element (encoding/\instruction_reg[11] )
INFO: [Synth 8-3333] propagating constant 0 across sequential element (encoding/\instruction_reg[10] )
INFO: [Synth 8-3333] propagating constant 0 across sequential element (encoding/\instruction_reg[9] )
INFO: [Synth 8-3333] propagating constant 0 across sequential element (encoding/\instruction_reg[8] )
INFO: [Synth 8-3333] propagating constant 0 across sequential element (encoding/\instruction_reg[7] )
INFO: [Synth 8-3333] propagating constant 0 across sequential element (encoding/\instruction_reg[6] )
INFO: [Synth 8-3333] propagating constant 0 across sequential element (encoding/\instruction_reg[5] )
INFO: [Synth 8-3333] propagating constant 0 across sequential element (encoding/\instruction_reg[4] )
INFO: [Synth 8-3333] propagating constant 0 across sequential element (encoding/\instruction_reg[3] )
INFO: [Synth 8-3333] propagating constant 0 across sequential element (encoding/\instruction_reg[2] )
INFO: [Synth 8-3333] propagating constant 0 across sequential element (encoding/\instruction_reg[1] )
INFO: [Synth 8-3333] propagating constant 0 across sequential element (encoding/\instruction_reg[0] )
INFO: [Synth 8-3333] propagating constant 0 across sequential element (\my_control_unit/ALUop_reg[0] )
INFO: [Synth 8-3333] propagating constant 0 across sequential element (\my_control_unit/ALUop_reg[1] )
INFO: [Synth 8-3333] propagating constant 0 across sequential element (\my_control_unit/ALUop_reg[2] )
INFO: [Synth 8-3333] propagating constant 0 across sequential element (\my_control_unit/DataMemRW_reg )
INFO: [Synth 8-3333] propagating constant 0 across sequential element (\my_control_unit/PCSrc_reg )
INFO: [Synth 8-3333] propagating constant 0 across sequential element (\my_control_unit/DBdataSrc_reg )
INFO: [Synth 8-3333] propagating constant 0 across sequential element (\my_control_unit/ALUSrcB_reg )
INFO: [Synth 8-3333] propagating constant 1 across sequential element (\my_control_unit/ExtSel_reg )
INFO: [Synth 8-3333] propagating constant 1 across sequential element (\my_control_unit/RegDst_reg )
INFO: [Synth 8-3333] propagating constant 1 across sequential element (\my_control_unit/RegWre_reg )
INFO: [Synth 8-3333] propagating constant 1 across sequential element (\my_control_unit/PCWre_reg )
INFO: [Synth 8-3333] propagating constant 0 across sequential element (my_memory/\data_reg[255][0] )
INFO: [Synth 8-3333] propagating constant 0 across sequential element (my_memory/\data_reg[254][0] )
INFO: [Synth 8-3333] propagating constant 0 across sequential element (my_memory/\data_reg[253][0] )
INFO: [Synth 8-3333] propagating constant 0 across sequential element (my_memory/\data_reg[252][0] )
INFO: [Synth 8-3333] propagating constant 0 across sequential element (my_memory/\data_reg[251][0] )
INFO: [Synth 8-3333] propagating constant 0 across sequential element (my_memory/\data_reg[250][0] )
INFO: [Synth 8-3333] propagating constant 0 across sequential element (my_memory/\data_reg[249][0] )
INFO: [Synth 8-3333] propagating constant 0 across sequential element (my_memory/\data_reg[248][0] )
INFO: [Synth 8-3333] propagating constant 0 across sequential element (my_memory/\data_reg[247][0] )
INFO: [Synth 8-3333] propagating constant 0 across sequential element (my_memory/\data_reg[246][0] )
INFO: [Synth 8-3333] propagating constant 0 across sequential element (my_memory/\data_reg[245][0] )
INFO: [Synth 8-3333] propagating constant 0 across sequential element (my_memory/\data_reg[244][0] )
INFO: [Synth 8-3333] propagating constant 0 across sequential element (my_memory/\data_reg[243][0] )
INFO: [Synth 8-3333] propagating constant 0 across sequential element (my_memory/\data_reg[242][0] )
INFO: [Synth 8-3333] propagating constant 0 across sequential element (my_memory/\data_reg[241][0] )
INFO: [Synth 8-3333] propagating constant 0 across sequential element (my_memory/\data_reg[240][0] )
INFO: [Synth 8-3333] propagating constant 0 across sequential element (my_memory/\data_reg[239][0] )
INFO: [Synth 8-3333] propagating constant 0 across sequential element (my_memory/\data_reg[238][0] )
INFO: [Synth 8-3333] propagating constant 0 across sequential element (my_memory/\data_reg[237][0] )
INFO: [Synth 8-3333] propagating constant 0 across sequential element (my_memory/\data_reg[236][0] )
INFO: [Synth 8-3333] propagating constant 0 across sequential element (my_memory/\data_reg[235][0] )
INFO: [Synth 8-3333] propagating constant 0 across sequential element (my_memory/\data_reg[234][0] )
INFO: [Synth 8-3333] propagating constant 0 across sequential element (my_memory/\data_reg[233][0] )
INFO: [Synth 8-3333] propagating constant 0 across sequential element (my_memory/\data_reg[232][0] )
INFO: [Synth 8-3333] propagating constant 0 across sequential element (my_memory/\data_reg[231][0] )
INFO: [Synth 8-3333] propagating constant 0 across sequential element (my_memory/\data_reg[230][0] )
INFO: [Synth 8-3333] propagating constant 0 across sequential element (my_memory/\data_reg[229][0] )
INFO: [Synth 8-3333] propagating constant 0 across sequential element (my_memory/\data_reg[228][0] )
INFO: [Synth 8-3333] propagating constant 0 across sequential element (my_memory/\data_reg[227][0] )
INFO: [Synth 8-3333] propagating constant 0 across sequential element (my_memory/\data_reg[226][0] )
INFO: [Synth 8-3333] propagating constant 0 across sequential element (my_memory/\data_reg[225][0] )
INFO: [Synth 8-3333] propagating constant 0 across sequential element (my_memory/\data_reg[224][0] )
INFO: [Synth 8-3333] propagating constant 0 across sequential element (my_memory/\data_reg[223][0] )
INFO: [Synth 8-3333] propagating constant 0 across sequential element (my_memory/\data_reg[222][0] )
INFO: [Synth 8-3333] propagating constant 0 across sequential element (my_memory/\data_reg[221][0] )
INFO: [Synth 8-3333] propagating constant 0 across sequential element (my_memory/\data_reg[220][0] )
INFO: [Synth 8-3333] propagating constant 0 across sequential element (my_memory/\data_reg[219][0] )
INFO: [Synth 8-3333] propagating constant 0 across sequential element (my_memory/\data_reg[218][0] )
INFO: [Synth 8-3333] propagating constant 0 across sequential element (my_memory/\data_reg[217][0] )
INFO: [Synth 8-3333] propagating constant 0 across sequential element (my_memory/\data_reg[216][0] )
INFO: [Synth 8-3333] propagating constant 0 across sequential element (my_memory/\data_reg[215][0] )
INFO: [Synth 8-3333] propagating constant 0 across sequential element (my_memory/\data_reg[214][0] )
INFO: [Synth 8-3333] propagating constant 0 across sequential element (my_memory/\data_reg[213][0] )
INFO: [Synth 8-3333] propagating constant 0 across sequential element (my_memory/\data_reg[212][0] )
INFO: [Synth 8-3333] propagating constant 0 across sequential element (my_memory/\data_reg[211][0] )
INFO: [Synth 8-3333] propagating constant 0 across sequential element (my_memory/\data_reg[210][0] )
INFO: [Synth 8-3333] propagating constant 0 across sequential element (my_memory/\data_reg[209][0] )
INFO: [Synth 8-3333] propagating constant 0 across sequential element (my_memory/\data_reg[208][0] )
INFO: [Synth 8-3333] propagating constant 0 across sequential element (my_memory/\data_reg[207][0] )
INFO: [Synth 8-3333] propagating constant 0 across sequential element (my_memory/\data_reg[206][0] )
INFO: [Synth 8-3333] propagating constant 0 across sequential element (my_memory/\data_reg[205][0] )
INFO: [Synth 8-3333] propagating constant 0 across sequential element (my_memory/\data_reg[204][0] )
INFO: [Synth 8-3333] propagating constant 0 across sequential element (my_memory/\data_reg[203][0] )
INFO: [Synth 8-3333] propagating constant 0 across sequential element (my_memory/\data_reg[202][0] )
INFO: [Synth 8-3333] propagating constant 0 across sequential element (my_memory/\data_reg[201][0] )
INFO: [Common 17-14] Message 'Synth 8-3333' appears 100 times and further instances of the messages will be disabled. Use the Tcl command set_msg_config to change the current settings.
WARNING: [Synth 8-3332] Sequential element (instruction_reg[31]) is unused and will be removed from module instructionMemory.
WARNING: [Synth 8-3332] Sequential element (instruction_reg[30]) is unused and will be removed from module instructionMemory.
WARNING: [Synth 8-3332] Sequential element (instruction_reg[29]) is unused and will be removed from module instructionMemory.
WARNING: [Synth 8-3332] Sequential element (instruction_reg[28]) is unused and will be removed from module instructionMemory.
WARNING: [Synth 8-3332] Sequential element (instruction_reg[27]) is unused and will be removed from module instructionMemory.
WARNING: [Synth 8-3332] Sequential element (instruction_reg[26]) is unused and will be removed from module instructionMemory.
WARNING: [Synth 8-3332] Sequential element (instruction_reg[25]) is unused and will be removed from module instructionMemory.
WARNING: [Synth 8-3332] Sequential element (instruction_reg[24]) is unused and will be removed from module instructionMemory.
WARNING: [Synth 8-3332] Sequential element (instruction_reg[23]) is unused and will be removed from module instructionMemory.
WARNING: [Synth 8-3332] Sequential element (instruction_reg[22]) is unused and will be removed from module instructionMemory.
WARNING: [Synth 8-3332] Sequential element (instruction_reg[21]) is unused and will be removed from module instructionMemory.
WARNING: [Synth 8-3332] Sequential element (instruction_reg[20]) is unused and will be removed from module instructionMemory.
WARNING: [Synth 8-3332] Sequential element (instruction_reg[19]) is unused and will be removed from module instructionMemory.
WARNING: [Synth 8-3332] Sequential element (instruction_reg[18]) is unused and will be removed from module instructionMemory.
WARNING: [Synth 8-3332] Sequential element (instruction_reg[17]) is unused and will be removed from module instructionMemory.
WARNING: [Synth 8-3332] Sequential element (instruction_reg[16]) is unused and will be removed from module instructionMemory.
WARNING: [Synth 8-3332] Sequential element (instruction_reg[15]) is unused and will be removed from module instructionMemory.
WARNING: [Synth 8-3332] Sequential element (instruction_reg[14]) is unused and will be removed from module instructionMemory.
WARNING: [Synth 8-3332] Sequential element (instruction_reg[13]) is unused and will be removed from module instructionMemory.
WARNING: [Synth 8-3332] Sequential element (instruction_reg[12]) is unused and will be removed from module instructionMemory.
WARNING: [Synth 8-3332] Sequential element (instruction_reg[11]) is unused and will be removed from module instructionMemory.
WARNING: [Synth 8-3332] Sequential element (instruction_reg[10]) is unused and will be removed from module instructionMemory.
WARNING: [Synth 8-3332] Sequential element (instruction_reg[9]) is unused and will be removed from module instructionMemory.
WARNING: [Synth 8-3332] Sequential element (instruction_reg[8]) is unused and will be removed from module instructionMemory.
WARNING: [Synth 8-3332] Sequential element (instruction_reg[7]) is unused and will be removed from module instructionMemory.
WARNING: [Synth 8-3332] Sequential element (instruction_reg[6]) is unused and will be removed from module instructionMemory.
WARNING: [Synth 8-3332] Sequential element (instruction_reg[5]) is unused and will be removed from module instructionMemory.
WARNING: [Synth 8-3332] Sequential element (instruction_reg[4]) is unused and will be removed from module instructionMemory.
WARNING: [Synth 8-3332] Sequential element (instruction_reg[3]) is unused and will be removed from module instructionMemory.
WARNING: [Synth 8-3332] Sequential element (instruction_reg[2]) is unused and will be removed from module instructionMemory.
WARNING: [Synth 8-3332] Sequential element (instruction_reg[1]) is unused and will be removed from module instructionMemory.
WARNING: [Synth 8-3332] Sequential element (instruction_reg[0]) is unused and will be removed from module instructionMemory.
WARNING: [Synth 8-3332] Sequential element (my_control_unit/RegDst_reg) is unused and will be removed from module SCPU.
WARNING: [Synth 8-3332] Sequential element (my_control_unit/RegWre_reg) is unused and will be removed from module SCPU.
WARNING: [Synth 8-3332] Sequential element (my_control_unit/ExtSel_reg) is unused and will be removed from module SCPU.
WARNING: [Synth 8-3332] Sequential element (my_control_unit/ALUSrcB_reg) is unused and will be removed from module SCPU.
WARNING: [Synth 8-3332] Sequential element (my_control_unit/ALUop_reg[2]) is unused and will be removed from module SCPU.
WARNING: [Synth 8-3332] Sequential element (my_control_unit/ALUop_reg[1]) is unused and will be removed from module SCPU.
WARNING: [Synth 8-3332] Sequential element (my_control_unit/ALUop_reg[0]) is unused and will be removed from module SCPU.
WARNING: [Synth 8-3332] Sequential element (my_control_unit/DBdataSrc_reg) is unused and will be removed from module SCPU.
WARNING: [Synth 8-3332] Sequential element (my_control_unit/PCSrc_reg) is unused and will be removed from module SCPU.
WARNING: [Synth 8-3332] Sequential element (my_control_unit/DataMemRW_reg) is unused and will be removed from module SCPU.
WARNING: [Synth 8-3332] Sequential element (my_control_unit/PCWre_reg) is unused and will be removed from module SCPU.
WARNING: [Synth 8-3332] Sequential element (memory_out_reg[31]) is unused and will be removed from module DataMemory.
WARNING: [Synth 8-3332] Sequential element (memory_out_reg[30]) is unused and will be removed from module DataMemory.
WARNING: [Synth 8-3332] Sequential element (memory_out_reg[29]) is unused and will be removed from module DataMemory.
WARNING: [Synth 8-3332] Sequential element (memory_out_reg[28]) is unused and will be removed from module DataMemory.
WARNING: [Synth 8-3332] Sequential element (memory_out_reg[27]) is unused and will be removed from module DataMemory.
WARNING: [Synth 8-3332] Sequential element (memory_out_reg[26]) is unused and will be removed from module DataMemory.
WARNING: [Synth 8-3332] Sequential element (memory_out_reg[25]) is unused and will be removed from module DataMemory.
WARNING: [Synth 8-3332] Sequential element (memory_out_reg[24]) is unused and will be removed from module DataMemory.
WARNING: [Synth 8-3332] Sequential element (memory_out_reg[23]) is unused and will be removed from module DataMemory.
WARNING: [Synth 8-3332] Sequential element (memory_out_reg[22]) is unused and will be removed from module DataMemory.
WARNING: [Synth 8-3332] Sequential element (memory_out_reg[21]) is unused and will be removed from module DataMemory.
WARNING: [Synth 8-3332] Sequential element (memory_out_reg[20]) is unused and will be removed from module DataMemory.
WARNING: [Synth 8-3332] Sequential element (memory_out_reg[19]) is unused and will be removed from module DataMemory.
WARNING: [Synth 8-3332] Sequential element (memory_out_reg[18]) is unused and will be removed from module DataMemory.
WARNING: [Synth 8-3332] Sequential element (memory_out_reg[17]) is unused and will be removed from module DataMemory.
WARNING: [Synth 8-3332] Sequential element (memory_out_reg[16]) is unused and will be removed from module DataMemory.
WARNING: [Synth 8-3332] Sequential element (memory_out_reg[15]) is unused and will be removed from module DataMemory.
WARNING: [Synth 8-3332] Sequential element (memory_out_reg[14]) is unused and will be removed from module DataMemory.
WARNING: [Synth 8-3332] Sequential element (memory_out_reg[13]) is unused and will be removed from module DataMemory.
WARNING: [Synth 8-3332] Sequential element (memory_out_reg[12]) is unused and will be removed from module DataMemory.
WARNING: [Synth 8-3332] Sequential element (memory_out_reg[11]) is unused and will be removed from module DataMemory.
WARNING: [Synth 8-3332] Sequential element (memory_out_reg[10]) is unused and will be removed from module DataMemory.
WARNING: [Synth 8-3332] Sequential element (memory_out_reg[9]) is unused and will be removed from module DataMemory.
WARNING: [Synth 8-3332] Sequential element (memory_out_reg[8]) is unused and will be removed from module DataMemory.
WARNING: [Synth 8-3332] Sequential element (memory_out_reg[7]) is unused and will be removed from module DataMemory.
WARNING: [Synth 8-3332] Sequential element (memory_out_reg[6]) is unused and will be removed from module DataMemory.
WARNING: [Synth 8-3332] Sequential element (memory_out_reg[5]) is unused and will be removed from module DataMemory.
WARNING: [Synth 8-3332] Sequential element (memory_out_reg[4]) is unused and will be removed from module DataMemory.
WARNING: [Synth 8-3332] Sequential element (memory_out_reg[3]) is unused and will be removed from module DataMemory.
WARNING: [Synth 8-3332] Sequential element (memory_out_reg[2]) is unused and will be removed from module DataMemory.
WARNING: [Synth 8-3332] Sequential element (memory_out_reg[1]) is unused and will be removed from module DataMemory.
WARNING: [Synth 8-3332] Sequential element (memory_out_reg[0]) is unused and will be removed from module DataMemory.
WARNING: [Synth 8-3332] Sequential element (data_reg[0][7]) is unused and will be removed from module DataMemory.
WARNING: [Synth 8-3332] Sequential element (data_reg[0][6]) is unused and will be removed from module DataMemory.
WARNING: [Synth 8-3332] Sequential element (data_reg[0][5]) is unused and will be removed from module DataMemory.
WARNING: [Synth 8-3332] Sequential element (data_reg[0][4]) is unused and will be removed from module DataMemory.
WARNING: [Synth 8-3332] Sequential element (data_reg[0][3]) is unused and will be removed from module DataMemory.
WARNING: [Synth 8-3332] Sequential element (data_reg[0][2]) is unused and will be removed from module DataMemory.
WARNING: [Synth 8-3332] Sequential element (data_reg[0][1]) is unused and will be removed from module DataMemory.
WARNING: [Synth 8-3332] Sequential element (data_reg[0][0]) is unused and will be removed from module DataMemory.
WARNING: [Synth 8-3332] Sequential element (data_reg[1][7]) is unused and will be removed from module DataMemory.
WARNING: [Synth 8-3332] Sequential element (data_reg[1][6]) is unused and will be removed from module DataMemory.
WARNING: [Synth 8-3332] Sequential element (data_reg[1][5]) is unused and will be removed from module DataMemory.
WARNING: [Synth 8-3332] Sequential element (data_reg[1][4]) is unused and will be removed from module DataMemory.
WARNING: [Synth 8-3332] Sequential element (data_reg[1][3]) is unused and will be removed from module DataMemory.
WARNING: [Synth 8-3332] Sequential element (data_reg[1][2]) is unused and will be removed from module DataMemory.
WARNING: [Synth 8-3332] Sequential element (data_reg[1][1]) is unused and will be removed from module DataMemory.
WARNING: [Synth 8-3332] Sequential element (data_reg[1][0]) is unused and will be removed from module DataMemory.
WARNING: [Synth 8-3332] Sequential element (data_reg[2][7]) is unused and will be removed from module DataMemory.
WARNING: [Synth 8-3332] Sequential element (data_reg[2][6]) is unused and will be removed from module DataMemory.
WARNING: [Synth 8-3332] Sequential element (data_reg[2][5]) is unused and will be removed from module DataMemory.
WARNING: [Synth 8-3332] Sequential element (data_reg[2][4]) is unused and will be removed from module DataMemory.
WARNING: [Synth 8-3332] Sequential element (data_reg[2][3]) is unused and will be removed from module DataMemory.
WARNING: [Synth 8-3332] Sequential element (data_reg[2][2]) is unused and will be removed from module DataMemory.
WARNING: [Synth 8-3332] Sequential element (data_reg[2][1]) is unused and will be removed from module DataMemory.
WARNING: [Synth 8-3332] Sequential element (data_reg[2][0]) is unused and will be removed from module DataMemory.
WARNING: [Synth 8-3332] Sequential element (data_reg[3][7]) is unused and will be removed from module DataMemory.
INFO: [Common 17-14] Message 'Synth 8-3332' appears 100 times and further instances of the messages will be disabled. Use the Tcl command set_msg_config to change the current settings.
---------------------------------------------------------------------------------
Finished Cross Boundary and Area Optimization : Time (s): cpu = 00:00:38 ; elapsed = 00:00:40 . Memory (MB): peak = 492.039 ; gain = 281.137
---------------------------------------------------------------------------------
---------------------------------------------------------------------------------
Start ROM, RAM, DSP and Shift Register Reporting
---------------------------------------------------------------------------------

Distributed RAM: Preliminary Mapping  Report (see note below)
+------------+---------------------------+-----------+----------------------+---------------+
|Module Name | RTL Object                | Inference | Size (Depth x Width) | Primitives    | 
+------------+---------------------------+-----------+----------------------+---------------+
|SCPU        | my_register/registers_reg | Implied   | 32 x 32              | RAM32M x 12   | 
+------------+---------------------------+-----------+----------------------+---------------+

Note: The table above is a preliminary report that shows the Distributed RAMs at the current stage of the synthesis flow. Some Distributed RAMs may be reimplemented as non Distributed RAM primitives later in the synthesis flow. Multiple instantiated RAMs are reported only once.
---------------------------------------------------------------------------------
Finished ROM, RAM, DSP and Shift Register Reporting
---------------------------------------------------------------------------------

Report RTL Partitions: 
+-+--------------+------------+----------+
| |RTL Partition |Replication |Instances |
+-+--------------+------------+----------+
+-+--------------+------------+----------+
---------------------------------------------------------------------------------
Start Timing Optimization
---------------------------------------------------------------------------------
No constraint files found.
---------------------------------------------------------------------------------
Finished Timing Optimization : Time (s): cpu = 00:00:38 ; elapsed = 00:00:40 . Memory (MB): peak = 492.039 ; gain = 281.137
---------------------------------------------------------------------------------

Report RTL Partitions: 
+-+--------------+------------+----------+
| |RTL Partition |Replication |Instances |
+-+--------------+------------+----------+
+-+--------------+------------+----------+
---------------------------------------------------------------------------------
Start Technology Mapping
---------------------------------------------------------------------------------
---------------------------------------------------------------------------------
Finished Technology Mapping : Time (s): cpu = 00:00:38 ; elapsed = 00:00:40 . Memory (MB): peak = 492.039 ; gain = 281.137
---------------------------------------------------------------------------------

Report RTL Partitions: 
+-+--------------+------------+----------+
| |RTL Partition |Replication |Instances |
+-+--------------+------------+----------+
+-+--------------+------------+----------+
---------------------------------------------------------------------------------
Start IO Insertion
---------------------------------------------------------------------------------
---------------------------------------------------------------------------------
Start Flattening Before IO Insertion
---------------------------------------------------------------------------------
---------------------------------------------------------------------------------
Finished Flattening Before IO Insertion
---------------------------------------------------------------------------------
---------------------------------------------------------------------------------
Start Final Netlist Cleanup
---------------------------------------------------------------------------------
---------------------------------------------------------------------------------
Finished Final Netlist Cleanup
---------------------------------------------------------------------------------
---------------------------------------------------------------------------------
Finished IO Insertion : Time (s): cpu = 00:00:39 ; elapsed = 00:00:41 . Memory (MB): peak = 492.039 ; gain = 281.137
---------------------------------------------------------------------------------

Report Check Netlist: 
+------+------------------+-------+---------+-------+------------------+
|      |Item              |Errors |Warnings |Status |Description       |
+------+------------------+-------+---------+-------+------------------+
|1     |multi_driven_nets |      0|        0|Passed |Multi driven nets |
+------+------------------+-------+---------+-------+------------------+
---------------------------------------------------------------------------------
Start Renaming Generated Instances
---------------------------------------------------------------------------------
---------------------------------------------------------------------------------
Finished Renaming Generated Instances : Time (s): cpu = 00:00:39 ; elapsed = 00:00:41 . Memory (MB): peak = 492.039 ; gain = 281.137
---------------------------------------------------------------------------------

Report RTL Partitions: 
+-+--------------+------------+----------+
| |RTL Partition |Replication |Instances |
+-+--------------+------------+----------+
+-+--------------+------------+----------+
---------------------------------------------------------------------------------
Start Rebuilding User Hierarchy
---------------------------------------------------------------------------------
---------------------------------------------------------------------------------
Finished Rebuilding User Hierarchy : Time (s): cpu = 00:00:39 ; elapsed = 00:00:41 . Memory (MB): peak = 492.039 ; gain = 281.137
---------------------------------------------------------------------------------
---------------------------------------------------------------------------------
Start Renaming Generated Ports
---------------------------------------------------------------------------------
---------------------------------------------------------------------------------
Finished Renaming Generated Ports : Time (s): cpu = 00:00:39 ; elapsed = 00:00:41 . Memory (MB): peak = 492.039 ; gain = 281.137
---------------------------------------------------------------------------------
---------------------------------------------------------------------------------
Start Handling Custom Attributes
---------------------------------------------------------------------------------
---------------------------------------------------------------------------------
Finished Handling Custom Attributes : Time (s): cpu = 00:00:39 ; elapsed = 00:00:41 . Memory (MB): peak = 492.039 ; gain = 281.137
---------------------------------------------------------------------------------
---------------------------------------------------------------------------------
Start Renaming Generated Nets
---------------------------------------------------------------------------------
---------------------------------------------------------------------------------
Finished Renaming Generated Nets : Time (s): cpu = 00:00:39 ; elapsed = 00:00:41 . Memory (MB): peak = 492.039 ; gain = 281.137
---------------------------------------------------------------------------------
---------------------------------------------------------------------------------
Start Writing Synthesis Report
---------------------------------------------------------------------------------

Report BlackBoxes: 
+-+--------------+----------+
| |BlackBox name |Instances |
+-+--------------+----------+
+-+--------------+----------+

Report Cell Usage: 
+------+-------+------+
|      |Cell   |Count |
+------+-------+------+
|1     |BUFG   |     1|
|2     |CARRY4 |    16|
|3     |LUT1   |    32|
|4     |LUT2   |    33|
|5     |LUT6   |     6|
|6     |RAM32M |    12|
|7     |FDRE   |    30|
|8     |IBUF   |     2|
|9     |OBUF   |   418|
+------+-------+------+

Report Instance Areas: 
+------+--------------+----------+------+
|      |Instance      |Module    |Cells |
+------+--------------+----------+------+
|1     |top           |          |   550|
|2     |  my_ALU      |ALU       |    15|
|3     |  my_PC       |PC        |    59|
|4     |  my_PCSrc    |Mux_PCSrc |    10|
|5     |  my_register |Register  |    44|
+------+--------------+----------+------+
---------------------------------------------------------------------------------
Finished Writing Synthesis Report : Time (s): cpu = 00:00:39 ; elapsed = 00:00:41 . Memory (MB): peak = 492.039 ; gain = 281.137
---------------------------------------------------------------------------------
Synthesis finished with 0 errors, 1 critical warnings and 2444 warnings.
Synthesis Optimization Runtime : Time (s): cpu = 00:00:36 ; elapsed = 00:00:37 . Memory (MB): peak = 492.039 ; gain = 281.137
Synthesis Optimization Complete : Time (s): cpu = 00:00:39 ; elapsed = 00:00:41 . Memory (MB): peak = 492.039 ; gain = 281.137
INFO: [Project 1-571] Translating synthesized netlist
INFO: [Netlist 29-17] Analyzing 30 Unisim elements for replacement
INFO: [Netlist 29-28] Unisim Transformation completed in 0 CPU seconds
INFO: [Project 1-570] Preparing netlist for logic optimization
INFO: [Opt 31-138] Pushed 1 inverter(s) to 12 load pin(s).
INFO: [Project 1-111] Unisim Transformation Summary:
  A total of 12 instances were transformed.
  RAM32M => RAM32M (inverted pins: WCLK) (RAMD32, RAMD32, RAMD32, RAMD32, RAMD32, RAMD32, RAMS32, RAMS32): 12 instances

INFO: [Common 17-83] Releasing license: Synthesis
160 Infos, 263 Warnings, 1 Critical Warnings and 0 Errors encountered.
synth_design completed successfully
synth_design: Time (s): cpu = 00:00:40 ; elapsed = 00:00:47 . Memory (MB): peak = 543.137 ; gain = 332.234
INFO: [Common 17-1381] The checkpoint 'E:/vivado_homework/SCPU/project_1/project_1.runs/synth_1/SCPU.dcp' has been generated.
report_utilization: Time (s): cpu = 00:00:00 ; elapsed = 00:00:00.311 . Memory (MB): peak = 543.137 ; gain = 0.000
INFO: [Common 17-206] Exiting Vivado at Tue Apr 25 23:06:56 2017...
