Exception at PC 0x000007FEFC9BA06D
Exception at PC 0x000007FEFC9BA06D
Exception at PC 0x000007FEFC9BA06D
Exception at PC 0x000007FEFC9BA06D
Exception at PC 0x000007FEFC9BA06D
Unable to capture context for thread 7284 in process 8520, can not generate back trace
Exception at PC 0x000007FEFC9BA06D
Exception at PC 0x000007FEFC9BA06D
Exception at PC 0x000007FEBAB3BB93
Printing stacktrace...

Exception at PC 0x000007FEFC9BA06D
Exception at PC 0x000007FEFC9BA06D
Exception at PC 0x000007FEFC9BA06D
Exception at PC 0x000007FEFC9BA06D
Exception at PC 0x000007FEFC9BA06D
Exception at PC 0x000007FEFC9BA06D
Exception at PC 0x000007FEFC9BA06D
[0]  [0x000007FEBAB3BB93]
[1]  [0x000007FEBAB3BB93]
[2]  [0x000007FEBAB3B4A1]
[3]  [0x000007FEBAB3B3EF]
[4]  [0x000007FEBAB219FE]
[5]  [0x000007FEBAB20ED1]
[6]  [0x000007FEBAB20D76]
[7]  [0x000007FEBAAC79F6]
[8]  [0x000007FEBAAB7AFB]
[9]  [0x000007FEBABDE90A]
[10]  [0x000007FEBABF9F87]
[11]  [0x000007FEBABFA05F]
[12] (BaseThreadInitThunk+0xd) [0x0000000076A559CD]
[13] (RtlUserThreadStart+0x21) [0x0000000076DCA561]
Done
Exception at PC 0x000007FEFC9BA06D
Exception at PC 0x000007FEFC9BA06D
Exception at PC 0x000007FEFC9BA06D
Exception at PC 0x000007FEFC9BA06D
