Exception at PC 0x000007FEFD7FA06D
Exception at PC 0x000007FEFD7FA06D
Exception at PC 0x000007FEFD7FA06D
Exception at PC 0x000007FEFD7FA06D
Exception at PC 0x000007FEFD7FA06D
Unable to capture context for thread 9340 in process 8960, can not generate back trace
Exception at PC 0x000007FEBD1FBB93
Printing stacktrace...

Exception at PC 0x000007FEFD7FA06D
Exception at PC 0x000007FEFD7FA06D
Exception at PC 0x000007FEFD7FA06D
Exception at PC 0x000007FEFD7FA06D
Exception at PC 0x000007FEFD7FA06D
Exception at PC 0x000007FEFD7FA06D
Exception at PC 0x000007FEFD7FA06D
Exception at PC 0x000007FEFD7FA06D
Exception at PC 0x000007FEFD7FA06D
Exception at PC 0x000007FEFD7FA06D
Exception at PC 0x000007FEFD7FA06D
Exception at PC 0x000007FEFD7FA06D
Exception at PC 0x000007FEFD7FA06D
[0]  [0x000007FEBD1FBB93]
[1]  [0x000007FEBD1FBB93]
[2]  [0x000007FEBD1FB4A1]
[3]  [0x000007FEBD1FB3EF]
[4]  [0x000007FEBD1E19FE]
[5]  [0x000007FEBD1E0ED1]
[6]  [0x000007FEBD1E0D76]
[7]  [0x000007FEBD1879F6]
[8]  [0x000007FEBD177AFB]
[9]  [0x000007FEBD29E90A]
[10]  [0x000007FEBD2B9F87]
[11]  [0x000007FEBD2BA05F]
[12] (BaseThreadInitThunk+0xd) [0x00000000777059CD]
[13] (RtlUserThreadStart+0x21) [0x000000007797A561]
Done
