#-----------------------------------------------------------
# Vivado v2016.3 (64-bit)
# SW Build 1682563 on Mon Oct 10 19:07:27 MDT 2016
# IP Build 1681267 on Mon Oct 10 21:28:31 MDT 2016
# Start of session at: Wed Apr 05 23:36:54 2017
# Process ID: 6972
# Current directory: E:/vivado_homework/player/player
# Command line: vivado.exe -gui_launcher_event rodinguilauncherevent7832 E:\vivado_homework\player\player\player.xpr
# Log file: E:/vivado_homework/player/player/vivado.log
# Journal file: E:/vivado_homework/player/player\vivado.jou
#-----------------------------------------------------------
start_gui
open_project E:/vivado_homework/player/player/player.xpr
INFO: [Project 1-313] Project file moved from 'C:/Users/Administrator/Desktop/player/player' since last save.
Scanning sources...
Finished scanning sources
WARNING: [filemgmt 56-2] IP Output Repository Path: Could not find the directory 'E:/vivado_homework/player/player/player.cache/ip', nor could it be found using path 'C:/Users/Administrator/Desktop/player/player/player.cache/ip'.
INFO: [IP_Flow 19-234] Refreshing IP repositories
INFO: [IP_Flow 19-1704] No user IP repositories specified
INFO: [IP_Flow 19-2313] Loaded Vivado IP repository 'C:/Xilinx/Vivado/2016.3/data/ip'.
open_project: Time (s): cpu = 00:00:12 ; elapsed = 00:00:21 . Memory (MB): peak = 730.719 ; gain = 118.703
exit
INFO: [Common 17-206] Exiting Vivado at Wed Apr 05 23:39:54 2017...
