Vivado Simulator 2016.3
Copyright 1986-1999, 2001-2016 Xilinx, Inc. All Rights Reserved.
Running: C:/Xilinx/Vivado/2016.3/bin/unwrapped/win64.o/xelab.exe -wto d5a4a886d3da4bcdbb8ced797b9b2045 --debug typical --relax --mt 2 -L xil_defaultlib -L unisims_ver -L unimacro_ver -L secureip --snapshot SCPU_top_behav xil_defaultlib.SCPU_top xil_defaultlib.glbl -log elaborate.log 
Using 2 slave threads.
Starting static elaboration
Completed static elaboration
Starting simulation data flow analysis
Completed simulation data flow analysis
Time Resolution for simulation is 1ps
Compiling module xil_defaultlib.clk_div
Compiling module xil_defaultlib.Button_Scaning
Compiling module xil_defaultlib.artificial_impulse
Compiling module xil_defaultlib.Mux_display
Compiling module xil_defaultlib.PC
Compiling module xil_defaultlib.instructionMemory
Compiling module xil_defaultlib.control_unit
Compiling module xil_defaultlib.Mux_RegDst
Compiling module xil_defaultlib.Mux_signExtend
Compiling module xil_defaultlib.Register
Compiling module xil_defaultlib.Mux_ALUSrc
Compiling module xil_defaultlib.ALU
Compiling module xil_defaultlib.DataMemory
Compiling module xil_defaultlib.Mux_ALU_memory_to_reg
Compiling module xil_defaultlib.addr_shift
Compiling module xil_defaultlib.Mux_PCSrc
Compiling module xil_defaultlib.SCPU
Compiling module xil_defaultlib.seg7
Compiling module xil_defaultlib.SCPU_top
Compiling module xil_defaultlib.glbl
Built simulation snapshot SCPU_top_behav
