#-----------------------------------------------------------
# Vivado v2016.3 (64-bit)
# SW Build 1682563 on Mon Oct 10 19:07:27 MDT 2016
# IP Build 1681267 on Mon Oct 10 21:28:31 MDT 2016
# Start of session at: Tue Apr 25 22:36:05 2017
# Process ID: 12940
# Current directory: E:/vivado_homework/SCPU(FPGA)/SCPU
# Command line: vivado.exe -gui_launcher_event rodinguilauncherevent12772 E:\vivado_homework\SCPU(FPGA)\SCPU\SCPU.xpr
# Log file: E:/vivado_homework/SCPU(FPGA)/SCPU/vivado.log
# Journal file: E:/vivado_homework/SCPU(FPGA)/SCPU\vivado.jou
#-----------------------------------------------------------
start_gui
open_project E:/vivado_homework/SCPU(FPGA)/SCPU/SCPU.xpr
INFO: [Project 1-313] Project file moved from 'E:/vivado_homework/SCPU1/SCPU' since last save.
Scanning sources...
Finished scanning sources
WARNING: [filemgmt 56-2] IP Output Repository Path: Could not find the directory 'E:/vivado_homework/SCPU(FPGA)/SCPU/SCPU.cache/ip', nor could it be found using path 'E:/vivado_homework/SCPU1/SCPU/SCPU.cache/ip'.
INFO: [IP_Flow 19-234] Refreshing IP repositories
INFO: [IP_Flow 19-1704] No user IP repositories specified
INFO: [IP_Flow 19-2313] Loaded Vivado IP repository 'C:/Xilinx/Vivado/2016.3/data/ip'.
open_project: Time (s): cpu = 00:00:15 ; elapsed = 00:00:18 . Memory (MB): peak = 744.637 ; gain = 124.938
reset_run synth_1
launch_runs impl_1 -jobs 2
[Tue Apr 25 22:38:30 2017] Launched synth_1...
Run output will be captured here: E:/vivado_homework/SCPU(FPGA)/SCPU/SCPU.runs/synth_1/runme.log
[Tue Apr 25 22:38:30 2017] Launched impl_1...
Run output will be captured here: E:/vivado_homework/SCPU(FPGA)/SCPU/SCPU.runs/impl_1/runme.log
reset_run synth_1
launch_runs synth_1 -jobs 2
INFO: [HDL 9-2216] Analyzing Verilog file "E:/vivado_homework/SCPU(FPGA)/SCPU/SCPU.srcs/sources_1/new/instructionMemory.v" into library work [E:/vivado_homework/SCPU(FPGA)/SCPU/SCPU.srcs/sources_1/new/instructionMemory.v:1]
[Tue Apr 25 23:02:25 2017] Launched synth_1...
Run output will be captured here: E:/vivado_homework/SCPU(FPGA)/SCPU/SCPU.runs/synth_1/runme.log
reset_run synth_1
exit
INFO: [Common 17-206] Exiting Vivado at Tue Apr 25 23:05:01 2017...
