#-----------------------------------------------------------
# Vivado v2016.3 (64-bit)
# SW Build 1682563 on Mon Oct 10 19:07:27 MDT 2016
# IP Build 1681267 on Mon Oct 10 21:28:31 MDT 2016
# Start of session at: Tue Apr 18 21:05:47 2017
# Process ID: 7308
# Current directory: E:/vivado_homework/SCPU1/SCPU
# Command line: vivado.exe -gui_launcher_event rodinguilauncherevent8172 E:\vivado_homework\SCPU1\SCPU\SCPU.xpr
# Log file: E:/vivado_homework/SCPU1/SCPU/vivado.log
# Journal file: E:/vivado_homework/SCPU1/SCPU\vivado.jou
#-----------------------------------------------------------
start_gui
open_project E:/vivado_homework/SCPU1/SCPU/SCPU.xpr
Scanning sources...
Finished scanning sources
WARNING: [filemgmt 56-3] IP Output Repository Path: Could not find the directory 'E:/vivado_homework/SCPU1/SCPU/SCPU.cache/ip'.
INFO: [IP_Flow 19-234] Refreshing IP repositories
INFO: [IP_Flow 19-1704] No user IP repositories specified
INFO: [IP_Flow 19-2313] Loaded Vivado IP repository 'C:/Xilinx/Vivado/2016.3/data/ip'.
open_project: Time (s): cpu = 00:00:10 ; elapsed = 00:00:24 . Memory (MB): peak = 698.629 ; gain = 76.445
close [ open E:/vivado_homework/SCPU1/SCPU/SCPU.srcs/sources_1/new/11.v w ]
add_files E:/vivado_homework/SCPU1/SCPU/SCPU.srcs/sources_1/new/11.v
remove_files  E:/vivado_homework/SCPU1/SCPU/SCPU.srcs/sources_1/new/11.v
close [ open E:/vivado_homework/SCPU1/SCPU/SCPU.srcs/sources_1/new/aa.v w ]
add_files E:/vivado_homework/SCPU1/SCPU/SCPU.srcs/sources_1/new/aa.v
remove_files  E:/vivado_homework/SCPU1/SCPU/SCPU.srcs/sources_1/new/aa.v
close [ open E:/vivado_homework/SCPU1/SCPU/SCPU.srcs/sources_1/new/DataMemory.v w ]
add_files E:/vivado_homework/SCPU1/SCPU/SCPU.srcs/sources_1/new/DataMemory.v
close [ open E:/vivado_homework/SCPU1/SCPU/SCPU.srcs/sources_1/new/Mux_ALUSrc.v w ]
add_files E:/vivado_homework/SCPU1/SCPU/SCPU.srcs/sources_1/new/Mux_ALUSrc.v
close [ open E:/vivado_homework/SCPU1/SCPU/SCPU.srcs/sources_1/new/Mux_ALU_memory_to_reg.v w ]
add_files E:/vivado_homework/SCPU1/SCPU/SCPU.srcs/sources_1/new/Mux_ALU_memory_to_reg.v
exit
INFO: [Common 17-206] Exiting Vivado at Tue Apr 18 21:21:31 2017...
